#
# A fatal error has been detected by the Java Runtime Environment:
#
#  EXCEPTION_ACCESS_VIOLATION (0xc0000005) at pc=0x00007ffbf258c4f6, pid=8632, tid=21664
#
# JRE version: OpenJDK Runtime Environment Temurin-21.0.6+7 (21.0.6+7) (build 21.0.6+7-LTS)
# Java VM: OpenJDK 64-Bit Server VM Temurin-21.0.6+7 (21.0.6+7-LTS, mixed mode, emulated-client, sharing, tiered, compressed oops, compressed class ptrs, g1 gc, windows-amd64)
# Problematic frame:
# V  [jvm.dll+0xc4f6]
#
# No core dump will be written. Minidumps are not enabled by default on client versions of Windows
#
# If you would like to submit a bug report, please visit:
#   https://github.com/adoptium/adoptium-support/issues
#

---------------  S U M M A R Y ------------

Command Line: -XX:+ShowCodeDetailsInExceptionMessages -agentlib:jdwp=transport=dt_socket,suspend=y,address=localhost:53194 -Dcom.sun.management.jmxremote -Dcom.sun.management.jmxremote.port=53193 -Dcom.sun.management.jmxremote.authenticate=false -Dcom.sun.management.jmxremote.ssl=false -Djava.rmi.server.hostname=localhost -Dspring.jmx.enabled=true -Dmanagement.endpoints.jmx.exposure.include=* -Dspring.application.admin.enabled=true -Dspring.output.ansi.enabled=always -XX:TieredStopAtLevel=1 -Dspring.boot.project.name=nagoyameshi -javaagent:C:\pleiades\2025-03\eclipse\configuration\org.eclipse.osgi\249\0\.cp\lib\javaagent-shaded.jar -Dfile.encoding=UTF-8 -Dstdout.encoding=UTF-8 -Dstderr.encoding=UTF-8 com.example.nagoyameshi.NagoyameshiApplication

Host: Intel(R) Core(TM) i5-8250U CPU @ 1.60GHz, 8 cores, 11G,  Windows 11 , 64 bit Build 26100 (10.0.26100.4768)
Time: Sat Aug 16 17:50:54 2025  Windows 11 , 64 bit Build 26100 (10.0.26100.4768) elapsed time: 22370.275791 seconds (0d 6h 12m 50s)

---------------  T H R E A D  ---------------

Current thread (0x0000026e000a2820):  WorkerThread "GC Thread#0"    [id=21664, stack(0x0000009c76e00000,0x0000009c76f00000) (1024K)]

Stack: [0x0000009c76e00000,0x0000009c76f00000],  sp=0x0000009c76efe408,  free space=1017k
Native frames: (J=compiled Java code, j=interpreted, Vv=VM code, C=native code)
V  [jvm.dll+0xc4f6]

JavaThread 0x0000026e5ab8abe0 (nid = 14452) was being processed
Java frames: (J=compiled Java code, j=interpreted, Vv=VM code)
j  java.lang.invoke.DirectMethodHandle$Holder.newInvokeSpecial(Ljava/lang/Object;)Ljava/lang/Object;+15 java.base@21.0.6
J 937 c1 jdk.internal.reflect.DirectConstructorHandleAccessor.newInstance([Ljava/lang/Object;)Ljava/lang/Object; java.base@21.0.6 (130 bytes) @ 0x0000026e08a4426c [0x0000026e08a44060+0x000000000000020c]
J 936 c1 java.lang.reflect.Constructor.newInstanceWithCaller([Ljava/lang/Object;ZLjava/lang/Class;)Ljava/lang/Object; java.base@21.0.6 (51 bytes) @ 0x0000026e08a4283c [0x0000026e08a42760+0x00000000000000dc]
J 939 c1 java.lang.reflect.Constructor.newInstance([Ljava/lang/Object;)Ljava/lang/Object; java.base@21.0.6 (34 bytes) @ 0x0000026e08a466f4 [0x0000026e08a46640+0x00000000000000b4]
j  org.hibernate.metamodel.internal.EntityInstantiatorPojoStandard.instantiate(Lorg/hibernate/engine/spi/SessionFactoryImplementor;)Ljava/lang/Object;+51
j  org.hibernate.persister.entity.AbstractEntityPersister.lambda$prepareMappingModel$14(Lorg/hibernate/metamodel/spi/EntityInstantiator;Lorg/hibernate/engine/spi/SessionFactoryImplementor;)Ljava/lang/Object;+2
j  org.hibernate.persister.entity.AbstractEntityPersister$$Lambda+0x0000026e138afd00.get()Ljava/lang/Object;+8
j  org.hibernate.internal.util.LazyValue.getValue()Ljava/lang/Object;+11
j  org.hibernate.persister.entity.AbstractEntityPersister$$Lambda+0x0000026e138b0000.get()Ljava/lang/Object;+4
j  org.hibernate.engine.internal.UnsavedValueFactory.getUnsavedIdentifierValue(Lorg/hibernate/mapping/KeyValue;Lorg/hibernate/type/descriptor/java/JavaType;Lorg/hibernate/property/access/spi/Getter;Ljava/util/function/Supplier;)Lorg/hibernate/engine/spi/IdentifierValue;+22
j  org.hibernate.metamodel.mapping.internal.BasicEntityIdentifierMappingImpl.<init>(Lorg/hibernate/persister/entity/EntityPersister;Ljava/util/function/Supplier;Ljava/lang/String;Ljava/lang/String;Ljava/lang/String;Ljava/lang/String;Ljava/lang/Long;Ljava/lang/Integer;Ljava/lang/Integer;ZZLorg/hibernate/type/BasicType;Lorg/hibernate/metamodel/mapping/internal/MappingModelCreationProcess;)V+178
j  org.hibernate.persister.entity.AbstractEntityPersister.generateIdentifierMapping(Ljava/util/function/Supplier;Lorg/hibernate/mapping/PersistentClass;Lorg/hibernate/metamodel/mapping/internal/MappingModelCreationProcess;)Lorg/hibernate/metamodel/mapping/EntityIdentifierMapping;+209
j  org.hibernate.persister.entity.AbstractEntityPersister.lambda$prepareMappingModel$15(Ljava/util/function/Supplier;Lorg/hibernate/mapping/PersistentClass;Ljava/lang/String;Lorg/hibernate/metamodel/mapping/internal/MappingModelCreationProcess;)Lorg/hibernate/metamodel/mapping/EntityIdentifierMapping;+5
j  org.hibernate.persister.entity.AbstractEntityPersister$$Lambda+0x0000026e138b0408.produceSubMapping(Ljava/lang/String;Lorg/hibernate/metamodel/mapping/internal/MappingModelCreationProcess;)Ljava/lang/Object;+14
j  org.hibernate.metamodel.mapping.internal.MappingModelCreationProcess.processSubPart(Ljava/lang/String;Lorg/hibernate/metamodel/mapping/internal/MappingModelCreationProcess$SubPartMappingProducer;)Lorg/hibernate/metamodel/mapping/ModelPart;+46
j  org.hibernate.persister.entity.AbstractEntityPersister.prepareMappingModel(Lorg/hibernate/metamodel/mapping/internal/MappingModelCreationProcess;Lorg/hibernate/mapping/PersistentClass;)V+72
j  org.hibernate.persister.entity.AbstractEntityPersister.prepareMappingModel(Lorg/hibernate/metamodel/mapping/internal/MappingModelCreationProcess;)V+149
j  org.hibernate.metamodel.mapping.internal.MappingModelCreationProcess.execute()V+96
j  org.hibernate.metamodel.mapping.internal.MappingModelCreationProcess.process(Lorg/hibernate/metamodel/model/domain/internal/EntityPersisterConcurrentMap;Lorg/hibernate/metamodel/spi/RuntimeModelCreationContext;)V+11
j  org.hibernate.metamodel.model.domain.internal.MappingMetamodelImpl.finishInitialization(Lorg/hibernate/metamodel/spi/RuntimeModelCreationContext;)V+112
j  org.hibernate.internal.SessionFactoryImpl.initializeMappingModel(Lorg/hibernate/metamodel/model/domain/internal/MappingMetamodelImpl;Lorg/hibernate/boot/spi/BootstrapContext;Lorg/hibernate/boot/spi/MetadataImplementor;Lorg/hibernate/boot/spi/SessionFactoryOptions;)V+18
j  org.hibernate.internal.SessionFactoryImpl.<init>(Lorg/hibernate/boot/spi/MetadataImplementor;Lorg/hibernate/boot/spi/SessionFactoryOptions;Lorg/hibernate/boot/spi/BootstrapContext;)V+599
j  org.hibernate.boot.internal.SessionFactoryBuilderImpl.build()Lorg/hibernate/SessionFactory;+16
j  org.hibernate.jpa.boot.internal.EntityManagerFactoryBuilderImpl.build()Ljakarta/persistence/EntityManagerFactory;+22
j  org.springframework.orm.jpa.vendor.SpringHibernateJpaPersistenceProvider.createContainerEntityManagerFactory(Ljakarta/persistence/spi/PersistenceUnitInfo;Ljava/util/Map;)Ljakarta/persistence/EntityManagerFactory;+59
j  org.springframework.orm.jpa.LocalContainerEntityManagerFactoryBean.createNativeEntityManagerFactory()Ljakarta/persistence/EntityManagerFactory;+111
j  org.springframework.orm.jpa.AbstractEntityManagerFactoryBean.buildNativeEntityManagerFactory()Ljakarta/persistence/EntityManagerFactory;+1
j  org.springframework.orm.jpa.AbstractEntityManagerFactoryBean.afterPropertiesSet()V+192
j  org.springframework.orm.jpa.LocalContainerEntityManagerFactoryBean.afterPropertiesSet()V+81
j  org.springframework.beans.factory.support.AbstractAutowireCapableBeanFactory.invokeInitMethods(Ljava/lang/String;Ljava/lang/Object;Lorg/springframework/beans/factory/support/RootBeanDefinition;)V+56
j  org.springframework.beans.factory.support.AbstractAutowireCapableBeanFactory.initializeBean(Ljava/lang/String;Ljava/lang/Object;Lorg/springframework/beans/factory/support/RootBeanDefinition;)Ljava/lang/Object;+34
j  org.springframework.beans.factory.support.AbstractAutowireCapableBeanFactory.doCreateBean(Ljava/lang/String;Lorg/springframework/beans/factory/support/RootBeanDefinition;[Ljava/lang/Object;)Ljava/lang/Object;+228
j  org.springframework.beans.factory.support.AbstractAutowireCapableBeanFactory.createBean(Ljava/lang/String;Lorg/springframework/beans/factory/support/RootBeanDefinition;[Ljava/lang/Object;)Ljava/lang/Object;+153
j  org.springframework.beans.factory.support.AbstractBeanFactory.lambda$doGetBean$0(Ljava/lang/String;Lorg/springframework/beans/factory/support/RootBeanDefinition;[Ljava/lang/Object;)Ljava/lang/Object;+4
j  org.springframework.beans.factory.support.AbstractBeanFactory$$Lambda+0x0000026e132774b0.getObject()Ljava/lang/Object;+16
j  org.springframework.beans.factory.support.DefaultSingletonBeanRegistry.getSingleton(Ljava/lang/String;Lorg/springframework/beans/factory/ObjectFactory;)Ljava/lang/Object;+897
J 10012 c1 org.springframework.beans.factory.support.AbstractBeanFactory.doGetBean(Ljava/lang/String;Ljava/lang/Class;[Ljava/lang/Object;Z)Ljava/lang/Object; (787 bytes) @ 0x0000026e08ca7e8c [0x0000026e08ca7800+0x000000000000068c]
J 10029 c1 org.springframework.beans.factory.support.AbstractBeanFactory.getBean(Ljava/lang/String;Ljava/lang/Class;)Ljava/lang/Object; (9 bytes) @ 0x0000026e08f7bcb4 [0x0000026e08f7bc40+0x0000000000000074]
j  org.springframework.context.support.AbstractApplicationContext.finishBeanFactoryInitialization(Lorg/springframework/beans/factory/config/ConfigurableListableBeanFactory;)V+220
j  org.springframework.context.support.AbstractApplicationContext.refresh()V+94
j  org.springframework.boot.web.servlet.context.ServletWebServerApplicationContext.refresh()V+1
j  org.springframework.boot.SpringApplication.refresh(Lorg/springframework/context/ConfigurableApplicationContext;)V+1
j  org.springframework.boot.SpringApplication.refreshContext(Lorg/springframework/context/ConfigurableApplicationContext;)V+19
j  org.springframework.boot.SpringApplication.run([Ljava/lang/String;)Lorg/springframework/context/ConfigurableApplicationContext;+113
j  org.springframework.boot.SpringApplication.run([Ljava/lang/Class;[Ljava/lang/String;)Lorg/springframework/context/ConfigurableApplicationContext;+9
j  org.springframework.boot.SpringApplication.run(Ljava/lang/Class;[Ljava/lang/String;)Lorg/springframework/context/ConfigurableApplicationContext;+9
j  com.example.nagoyameshi.NagoyameshiApplication.main([Ljava/lang/String;)V+3
j  java.lang.invoke.LambdaForm$DMH+0x0000026e13004c00.invokeStatic(Ljava/lang/Object;Ljava/lang/Object;)V+10 java.base@21.0.6
j  java.lang.invoke.LambdaForm$MH+0x0000026e135fc000.invoke(Ljava/lang/Object;Ljava/lang/Object;Ljava/lang/Object;)Ljava/lang/Object;+33 java.base@21.0.6
J 3999 c1 jdk.internal.reflect.DirectMethodHandleAccessor.invoke(Ljava/lang/Object;[Ljava/lang/Object;)Ljava/lang/Object; java.base@21.0.6 (92 bytes) @ 0x0000026e090c2d04 [0x0000026e090c29a0+0x0000000000000364]
J 4004 c1 java.lang.reflect.Method.invoke(Ljava/lang/Object;[Ljava/lang/Object;)Ljava/lang/Object; java.base@21.0.6 (108 bytes) @ 0x0000026e090c1e74 [0x0000026e090c1c80+0x00000000000001f4]
j  org.springframework.boot.devtools.restart.RestartLauncher.run()V+47
v  ~StubRoutines::call_stub 0x0000026e0872100d

siginfo: EXCEPTION_ACCESS_VIOLATION (0xc0000005), reading address 0x0000026e2472bd8f


Registers:
RAX=0x0000000000000000, RBX=0x0000000000000008, RCX=0x0000009c782fd7e0, RDX=0x0000009c782fd7e0
RSP=0x0000009c76efe408, RBP=0x0000009c76efe5e0, RSI=0x0000009c76efe7b0, RDI=0x0000009c782fd7e0
R8 =0x0000026e2472bd87, R9 =0x0000009c782fd7e0, R10=0x0000026e08720000, R11=0x0000009c76efe658
R12=0x0000026e12543008, R13=0x0000009c782fd7e0, R14=0x0000026e59e56060, R15=0x0000026e2472bd87
RIP=0x00007ffbf258c4f6, EFLAGS=0x0000000000010206

XMM[0]=0x3b3b3b3b3b3b3b3b 0x3b3b3b3b3b3b3b3b
XMM[1]=0x0000000000000000 0x00000000000000ff
XMM[2]=0x0000000000000000 0x0000000000000000
XMM[3]=0x0000000000000000 0x40d5d88f16e29a94
XMM[4]=0x0000000000000000 0x0000000000000000
XMM[5]=0x00000000e86673db 0x0000000000000000
XMM[6]=0x0000000000000000 0x0000000000000000
XMM[7]=0x0000000000000000 0x0000000000000000
XMM[8]=0x0000000000000000 0x0000000000000000
XMM[9]=0x0000000000000000 0x0000000000000000
XMM[10]=0x0000000000000000 0x0000000000000000
XMM[11]=0x0000000000000000 0x0000000000000000
XMM[12]=0x0000000000000000 0x0000000000000000
XMM[13]=0x0000000000000000 0x0000000000000000
XMM[14]=0x0000000000000000 0x0000000000000000
XMM[15]=0x0000000000000000 0x0000000000000000
  MXCSR=0x00001fa0


Register to memory mapping:

RAX=0x0 is null
RBX=0x0000000000000008 is an unknown value
RCX=0x0000009c782fd7e0 is pointing into the stack for thread: 0x0000026e5ab8abe0
RDX=0x0000009c782fd7e0 is pointing into the stack for thread: 0x0000026e5ab8abe0
RSP=0x0000009c76efe408 points into unknown readable memory: 0x00007ffbf28d7ddb | db 7d 8d f2 fb 7f 00 00
RBP=0x0000009c76efe5e0 points into unknown readable memory: 0x0000000000000000 | 00 00 00 00 00 00 00 00
RSI=0x0000009c76efe7b0 points into unknown readable memory: 0x0000009c782fd7d8 | d8 d7 2f 78 9c 00 00 00
RDI=0x0000009c782fd7e0 is pointing into the stack for thread: 0x0000026e5ab8abe0
R8 =0x0000026e2472bd87 is an unknown value
R9 =0x0000009c782fd7e0 is pointing into the stack for thread: 0x0000026e5ab8abe0
R10=0x0000026e08720000 points into unknown readable memory: 0x0000000000000006 | 06 00 00 00 00 00 00 00
R11=0x0000009c76efe658 points into unknown readable memory: 0x00007ffbf289466d | 6d 46 89 f2 fb 7f 00 00
R12=0x0000026e12543008 is pointing into metadata
R13=0x0000009c782fd7e0 is pointing into the stack for thread: 0x0000026e5ab8abe0
R14=0x0000026e59e56060 points into unknown readable memory: 0x00007ffbf2fabc18 | 18 bc fa f2 fb 7f 00 00
R15=0x0000026e2472bd87 is an unknown value

Top of Stack: (sp=0x0000009c76efe408)
0x0000009c76efe408:   00007ffbf28d7ddb 0000000000000000
0x0000009c76efe418:   0000000000000000 0000000000000000
0x0000009c76efe428:   0000000000000000 0000000000000000
0x0000009c76efe438:   0000000000000000 0000000000000000
0x0000009c76efe448:   00007ffbf2d17441 000000000000012f
0x0000009c76efe458:   00007ffbf2c3c1b2 0000026e59e522d8
0x0000009c76efe468:   0000000000000000 0000026e0005f2c0
0x0000009c76efe478:   0000026e0005de50 0000026e12543008
0x0000009c76efe488:   0000009c782fd7e0 0000009c76efe7b0
0x0000009c76efe498:   0000009c76efe5e0 0000026e59e522d8
0x0000009c76efe4a8:   00007ffbf28e63a4 0000009c76efe570
0x0000009c76efe4b8:   0000009c76efe7b0 0000026e12480090
0x0000009c76efe4c8:   0000000000000000 0000026e59e522d8
0x0000009c76efe4d8:   00007ffbf2894c1b 0000000000000001
0x0000009c76efe4e8:   0000026e120b5bd0 0000026e59e522d8
0x0000009c76efe4f8:   0000009c76efe7b0 0000000f00000001
0x0000009c76efe508:   0000026e120b5bd0 0000026e000a2820
0x0000009c76efe518:   0000026e00000003 00000000000003d8
0x0000009c76efe528:   0000026e0005de60 0000026e0005e238
0x0000009c76efe538:   0000026e1272bd87 00000000000000b8
0x0000009c76efe548:   0000026e120b5bd0 00007ffbf2fa3180
0x0000009c76efe558:   0000009c76efe7b0 0000026e59e522d8
0x0000009c76efe568:   0000000400000003 0000026e12543008
0x0000009c76efe578:   0000001300000001 0000000000000032
0x0000009c76efe588:   000000010000000c 0000026e12480090
0x0000009c76efe598:   0000000000000000 0000000000000000
0x0000009c76efe5a8:   0000000000000000 0000000000000000
0x0000009c76efe5b8:   0000000000000000 0000000000000000
0x0000009c76efe5c8:   0000000000000000 0000026e12017358
0x0000009c76efe5d8:   0000000600000013 0000000000000000
0x0000009c76efe5e8:   0000000000000015 0000026e59e522d8
0x0000009c76efe5f8:   00007ffbf28e63fe 0000000000000000 

Instructions: (pc=0x00007ffbf258c4f6)
0x00007ffbf258c3f6:   48 8b 05 73 f6 cc 00 48 8b 48 60 48 8b 04 d1 48
0x00007ffbf258c406:   85 c0 75 08 48 8b 05 67 f6 cc 00 c3 48 8b 05 57
0x00007ffbf258c416:   f6 cc 00 c3 cc cc cc cc cc cc 8b 05 92 cb c1 00
0x00007ffbf258c426:   c3 cc cc cc cc cc cc cc cc cc 0f b6 05 e3 e1 c1
0x00007ffbf258c436:   00 48 8b d1 84 c0 74 16 44 8b 41 08 8b 0d 70 cb
0x00007ffbf258c446:   c1 00 49 d3 e0 4c 03 05 5e cb c1 00 eb 04 4c 8b
0x00007ffbf258c456:   41 08 45 8b 48 08 45 85 c9 7e 0e 41 f6 c1 01 75
0x00007ffbf258c466:   53 41 c1 f9 03 49 63 c1 c3 79 49 84 c0 41 b8 0c
0x00007ffbf258c476:   00 00 00 8b 05 a9 dc c1 00 b9 10 00 00 00 41 0f
0x00007ffbf258c486:   45 c8 ff c8 4c 63 c0 41 8b c1 48 c1 f8 10 0f b6
0x00007ffbf258c496:   c0 48 63 14 11 41 8b c9 83 e1 3f 48 d3 e2 49 8d
0x00007ffbf258c4a6:   0c 10 49 f7 d0 48 03 c1 49 c1 e8 03 48 c1 e8 03
0x00007ffbf258c4b6:   49 23 c0 c3 49 8b 00 49 8b c8 48 ff a0 00 01 00
0x00007ffbf258c4c6:   00 cc cc cc cc cc cc cc cc cc 8b 44 24 30 45 03
0x00007ffbf258c4d6:   c9 44 2b 4c 24 28 83 c0 0b 44 03 ca 45 03 c8 41
0x00007ffbf258c4e6:   03 c1 c3 cc cc cc cc cc cc cc 4c 8b c2 48 8b d1
0x00007ffbf258c4f6:   45 8b 48 08 45 85 c9 7e 0e 41 f6 c1 01 75 56 41
0x00007ffbf258c506:   c1 f9 03 49 63 c1 c3 79 4c 80 3d 04 e1 c1 00 00
0x00007ffbf258c516:   b8 0c 00 00 00 b9 10 00 00 00 0f 45 c8 8b 05 ff
0x00007ffbf258c526:   db c1 00 ff c8 4c 63 c0 41 8b c1 48 c1 f8 10 48
0x00007ffbf258c536:   63 14 11 41 8b c9 83 e1 3f 0f b6 c0 48 d3 e2 49
0x00007ffbf258c546:   8d 0c 10 49 f7 d0 48 03 c1 49 c1 e8 03 48 c1 e8
0x00007ffbf258c556:   03 49 23 c0 c3 49 8b 00 49 8b c8 48 ff a0 00 01
0x00007ffbf258c566:   00 00 cc cc cc cc cc cc cc cc 48 8b 41 08 0f b7
0x00007ffbf258c576:   48 2c 0f b7 40 2a 83 c0 48 03 c1 c3 cc cc cc cc
0x00007ffbf258c586:   cc cc cc cc cc cc cc cc cc cc 48 89 5c 24 08 57
0x00007ffbf258c596:   48 83 ec 20 0f b6 05 1f de cc 00 48 8b fa 48 8b
0x00007ffbf258c5a6:   d9 84 c0 74 4f 48 85 15 b6 d5 cc 00 74 38 48 8b
0x00007ffbf258c5b6:   ca e8 94 d4 8c 00 48 8b d0 48 85 db 74 25 48 85
0x00007ffbf258c5c6:   c0 74 20 48 8b c7 f0 48 0f b1 13 74 16 48 85 05
0x00007ffbf258c5d6:   8e d5 cc 00 74 0d 48 8b c8 f0 48 0f b1 13 48 3b
0x00007ffbf258c5e6:   c1 75 ea 48 8b fa 48 8b c7 48 8b 5c 24 30 48 83 


Stack slot to memory mapping:

stack at sp + 0 slots: 0x00007ffbf28d7ddb jvm.dll
stack at sp + 1 slots: 0x0 is null
stack at sp + 2 slots: 0x0 is null
stack at sp + 3 slots: 0x0 is null
stack at sp + 4 slots: 0x0 is null
stack at sp + 5 slots: 0x0 is null
stack at sp + 6 slots: 0x0 is null
stack at sp + 7 slots: 0x0 is null


---------------  P R O C E S S  ---------------

Threads class SMR info:
_java_thread_list=0x0000026e5a72f700, length=27, elements={
0x0000026e11da3030, 0x0000026e11da3b80, 0x0000026e11da7de0, 0x0000026e11daadd0,
0x0000026e11db7c50, 0x0000026e11dbdbc0, 0x0000026e11dce620, 0x0000026e11dee6f0,
0x0000026e57145930, 0x0000026e5714bf30, 0x0000026e5714e6d0, 0x0000026e57941f30,
0x0000026e57b1f0b0, 0x0000026e57bc70a0, 0x0000026e57bd0b70, 0x0000026e57edc860,
0x0000026e580c81f0, 0x0000026e5a5a54e0, 0x0000026e5ab8b270, 0x0000026e5ab89830,
0x0000026e5ab8c620, 0x0000026e5ab8d340, 0x0000026e5ab8abe0, 0x0000026e5ab8bf90,
0x0000026e5ab8ccb0, 0x0000026e5ab89ec0, 0x0000026e5ab8d9d0
}

Java Threads: ( => current thread )
  0x0000026e11da3030 JavaThread "Reference Handler"          daemon [_thread_blocked, id=24552, stack(0x0000009c77500000,0x0000009c77600000) (1024K)]
  0x0000026e11da3b80 JavaThread "Finalizer"                  daemon [_thread_blocked, id=21384, stack(0x0000009c77600000,0x0000009c77700000) (1024K)]
  0x0000026e11da7de0 JavaThread "Signal Dispatcher"          daemon [_thread_blocked, id=9868, stack(0x0000009c77700000,0x0000009c77800000) (1024K)]
  0x0000026e11daadd0 JavaThread "Attach Listener"            daemon [_thread_blocked, id=23360, stack(0x0000009c77800000,0x0000009c77900000) (1024K)]
  0x0000026e11db7c50 JavaThread "Service Thread"             daemon [_thread_blocked, id=8060, stack(0x0000009c77900000,0x0000009c77a00000) (1024K)]
  0x0000026e11dbdbc0 JavaThread "Monitor Deflation Thread"   daemon [_thread_blocked, id=7368, stack(0x0000009c77a00000,0x0000009c77b00000) (1024K)]
  0x0000026e11dce620 JavaThread "C1 CompilerThread0"         daemon [_thread_blocked, id=24236, stack(0x0000009c77b00000,0x0000009c77c00000) (1024K)]
  0x0000026e11dee6f0 JavaThread "Common-Cleaner"             daemon [_thread_blocked, id=22732, stack(0x0000009c77c00000,0x0000009c77d00000) (1024K)]
  0x0000026e57145930 JavaThread "JDWP Transport Listener: dt_socket" daemon [_thread_blocked, id=13028, stack(0x0000009c77e00000,0x0000009c77f00000) (1024K)]
  0x0000026e5714bf30 JavaThread "JDWP Event Helper Thread"   daemon [_thread_blocked, id=19904, stack(0x0000009c77f00000,0x0000009c78000000) (1024K)]
  0x0000026e5714e6d0 JavaThread "JDWP Command Reader"        daemon [_thread_in_native, id=21352, stack(0x0000009c78000000,0x0000009c78100000) (1024K)]
  0x0000026e57941f30 JavaThread "Notification Thread"        daemon [_thread_blocked, id=3564, stack(0x0000009c78100000,0x0000009c78200000) (1024K)]
  0x0000026e57b1f0b0 JavaThread "RMI TCP Accept-0"           daemon [_thread_in_native, id=1664, stack(0x0000009c78a00000,0x0000009c78b00000) (1024K)]
  0x0000026e57bc70a0 JavaThread "RMI TCP Accept-53193"       daemon [_thread_in_native, id=10728, stack(0x0000009c78b00000,0x0000009c78c00000) (1024K)]
  0x0000026e57bd0b70 JavaThread "RMI TCP Accept-0"           daemon [_thread_in_native, id=9316, stack(0x0000009c78c00000,0x0000009c78d00000) (1024K)]
  0x0000026e57edc860 JavaThread "RMI Scheduler(0)"           daemon [_thread_blocked, id=23364, stack(0x0000009c78e00000,0x0000009c78f00000) (1024K)]
  0x0000026e580c81f0 JavaThread "mysql-cj-abandoned-connection-cleanup" daemon [_thread_blocked, id=20276, stack(0x0000009c79800000,0x0000009c79900000) (1024K)]
  0x0000026e5a5a54e0 JavaThread "Live Reload Server"         daemon [_thread_in_native, id=18264, stack(0x0000009c79c00000,0x0000009c79d00000) (1024K)]
  0x0000026e5ab8b270 JavaThread "DestroyJavaVM"                     [_thread_blocked, id=24340, stack(0x0000009c76d00000,0x0000009c76e00000) (1024K)]
  0x0000026e5ab89830 JavaThread "RMI TCP Connection(idle)"   daemon [_thread_blocked, id=13340, stack(0x0000009c76a00000,0x0000009c76b00000) (1024K)]
  0x0000026e5ab8c620 JavaThread "JMX server connection timeout 168" daemon [_thread_blocked, id=21076, stack(0x0000009c76c00000,0x0000009c76d00000) (1024K)]
  0x0000026e5ab8d340 JavaThread "Thread-5"                          [_thread_blocked, id=11464, stack(0x0000009c77d00000,0x0000009c77e00000) (1024K)]
  0x0000026e5ab8abe0 JavaThread "restartedMain"                     [_thread_blocked, id=14452, stack(0x0000009c78200000,0x0000009c78300000) (1024K)]
  0x0000026e5ab8bf90 JavaThread "Catalina-utility-1"                [_thread_blocked, id=25004, stack(0x0000009c79100000,0x0000009c79200000) (1024K)]
  0x0000026e5ab8ccb0 JavaThread "Catalina-utility-2"                [_thread_blocked, id=5220, stack(0x0000009c79200000,0x0000009c79300000) (1024K)]
  0x0000026e5ab89ec0 JavaThread "container-0"                       [_thread_blocked, id=22444, stack(0x0000009c79300000,0x0000009c79400000) (1024K)]
  0x0000026e5ab8d9d0 JavaThread "HikariPool-2:housekeeper"   daemon [_thread_blocked, id=10808, stack(0x0000009c79500000,0x0000009c79600000) (1024K)]
Total: 27

Other Threads:
  0x0000026e11d8a7e0 VMThread "VM Thread"                           [id=7596, stack(0x0000009c77400000,0x0000009c77500000) (1024K)]
  0x0000026e11d79df0 WatcherThread "VM Periodic Task Thread"        [id=1104, stack(0x0000009c77300000,0x0000009c77400000) (1024K)]
=>0x0000026e000a2820 WorkerThread "GC Thread#0"                     [id=21664, stack(0x0000009c76e00000,0x0000009c76f00000) (1024K)]
  0x0000026e57ac4320 WorkerThread "GC Thread#1"                     [id=23808, stack(0x0000009c78300000,0x0000009c78400000) (1024K)]
  0x0000026e57ac46c0 WorkerThread "GC Thread#2"                     [id=22800, stack(0x0000009c78400000,0x0000009c78500000) (1024K)]
  0x0000026e57ac4a60 WorkerThread "GC Thread#3"                     [id=17768, stack(0x0000009c78500000,0x0000009c78600000) (1024K)]
  0x0000026e57ad84d0 WorkerThread "GC Thread#4"                     [id=21920, stack(0x0000009c78600000,0x0000009c78700000) (1024K)]
  0x0000026e57ad8870 WorkerThread "GC Thread#5"                     [id=19312, stack(0x0000009c78700000,0x0000009c78800000) (1024K)]
  0x0000026e57ad8c10 WorkerThread "GC Thread#6"                     [id=19168, stack(0x0000009c78800000,0x0000009c78900000) (1024K)]
  0x0000026e57ad93b0 WorkerThread "GC Thread#7"                     [id=21828, stack(0x0000009c78900000,0x0000009c78a00000) (1024K)]
  0x0000026e7de6e250 ConcurrentGCThread "G1 Main Marker"            [id=12864, stack(0x0000009c76f00000,0x0000009c77000000) (1024K)]
  0x0000026e000ca1d0 WorkerThread "G1 Conc#0"                       [id=23952, stack(0x0000009c77000000,0x0000009c77100000) (1024K)]
  0x0000026e581b7960 WorkerThread "G1 Conc#1"                       [id=10360, stack(0x0000009c79400000,0x0000009c79500000) (1024K)]
  0x0000026e11c4d850 ConcurrentGCThread "G1 Refine#0"               [id=24852, stack(0x0000009c77100000,0x0000009c77200000) (1024K)]
  0x0000026e11c51280 ConcurrentGCThread "G1 Service"                [id=12932, stack(0x0000009c77200000,0x0000009c77300000) (1024K)]
Total: 15

Threads with active compile tasks:
Total: 0

VM state: at safepoint (normal execution)

VM Mutex/Monitor currently owned by a thread:  ([mutex/lock_event])
[0x00007ffbf322e380] Threads_lock - owner thread: 0x0000026e11d8a7e0
[0x00007ffbf322e480] Heap_lock - owner thread: 0x0000026e580c81f0

Heap address: 0x0000000742800000, size: 3032 MB, Compressed Oops mode: Zero based, Oop shift amount: 3

CDS archive(s) mapped at: [0x0000026e12000000-0x0000026e12c80000-0x0000026e12c80000), size 13107200, SharedBaseAddress: 0x0000026e12000000, ArchiveRelocationMode: 1.
Compressed class space mapped at: 0x0000026e13000000-0x0000026e53000000, reserved size: 1073741824
Narrow klass base: 0x0000026e12000000, Narrow klass shift: 0, Narrow klass range: 0x100000000

GC Precious Log:
 CardTable entry size: 512
 Card Set container configuration: InlinePtr #cards 4 size 8 Array Of Cards #cards 16 size 48 Howl #buckets 8 coarsen threshold 3686 Howl Bitmap #cards 512 size 80 coarsen threshold 460 Card regions per heap region 1 cards per card region 4096
 CPUs: 8 total, 8 available
 Memory: 12121M
 Large Page Support: Disabled
 NUMA Support: Disabled
 Compressed Oops: Enabled (Zero based)
 Heap Region Size: 2M
 Heap Min Capacity: 8M
 Heap Initial Capacity: 190M
 Heap Max Capacity: 3032M
 Pre-touch: Disabled
 Parallel Workers: 8
 Concurrent Workers: 2
 Concurrent Refinement Workers: 8
 Periodic GC: Disabled

Heap:
 garbage-first heap   total 83968K, used 64019K [0x0000000742800000, 0x0000000800000000)
  region size 2048K, 17 young (34816K), 2 survivors (4096K)
 Metaspace       used 78844K, committed 79680K, reserved 1179648K
  class space    used 10928K, committed 11328K, reserved 1048576K

Heap Regions: E=young(eden), S=young(survivor), O=old, HS=humongous(starts), HC=humongous(continues), CS=collection set, F=free, TAMS=top-at-mark-start, PB=parsable bottom
|   0|0x0000000742800000, 0x00000007429d7e50, 0x0000000742a00000| 92%| O|  |TAMS 0x0000000742800000| PB 0x0000000742800000| Untracked 
|   1|0x0000000742a00000, 0x0000000742c00000, 0x0000000742c00000|100%| O|  |TAMS 0x0000000742a00000| PB 0x0000000742a00000| Untracked 
|   2|0x0000000742c00000, 0x0000000742dfffc8, 0x0000000742e00000| 99%| O|  |TAMS 0x0000000742c00000| PB 0x0000000742c00000| Untracked 
|   3|0x0000000742e00000, 0x0000000743000000, 0x0000000743000000|100%| O|  |TAMS 0x0000000742e00000| PB 0x0000000742e00000| Untracked 
|   4|0x0000000743000000, 0x00000007431ff3d0, 0x0000000743200000| 99%| O|  |TAMS 0x0000000743000000| PB 0x0000000743000000| Untracked 
|   5|0x0000000743200000, 0x00000007433ffff8, 0x0000000743400000| 99%| O|  |TAMS 0x0000000743200000| PB 0x0000000743200000| Untracked 
|   6|0x0000000743400000, 0x00000007435f58a0, 0x0000000743600000| 97%| O|  |TAMS 0x0000000743400000| PB 0x0000000743400000| Untracked 
|   7|0x0000000743600000, 0x00000007437ffff8, 0x0000000743800000| 99%| O|  |TAMS 0x0000000743600000| PB 0x0000000743600000| Untracked 
|   8|0x0000000743800000, 0x0000000743a00000, 0x0000000743a00000|100%| O|  |TAMS 0x0000000743800000| PB 0x0000000743800000| Untracked 
|   9|0x0000000743a00000, 0x0000000743a1abe0, 0x0000000743c00000|  5%| O|Cm|TAMS 0x0000000743a00000| PB 0x0000000743a00000| Complete 
|  10|0x0000000743c00000, 0x0000000743dffff8, 0x0000000743e00000| 99%| O|  |TAMS 0x0000000743c00000| PB 0x0000000743c00000| Untracked 
|  11|0x0000000743e00000, 0x0000000744000000, 0x0000000744000000|100%| O|  |TAMS 0x0000000743e00000| PB 0x0000000743e00000| Untracked 
|  12|0x0000000744000000, 0x0000000744200000, 0x0000000744200000|100%| O|  |TAMS 0x0000000744000000| PB 0x0000000744000000| Untracked 
|  13|0x0000000744200000, 0x00000007442ea860, 0x0000000744400000| 45%| E|CS|TAMS 0x0000000744200000| PB 0x0000000744200000| Complete 
|  14|0x0000000744400000, 0x00000007445fffe0, 0x0000000744600000| 99%| O|  |TAMS 0x0000000744400000| PB 0x0000000744400000| Untracked 
|  15|0x0000000744600000, 0x0000000744717b68, 0x0000000744800000| 54%| O|  |TAMS 0x0000000744600000| PB 0x0000000744600000| Untracked 
|  16|0x0000000744800000, 0x000000074488e0b8, 0x0000000744a00000| 27%| O|  |TAMS 0x0000000744800000| PB 0x0000000744800000| Untracked 
|  17|0x0000000744a00000, 0x0000000744c00000, 0x0000000744c00000|100%| E|CS|TAMS 0x0000000744a00000| PB 0x0000000744a00000| Complete 
|  18|0x0000000744c00000, 0x0000000744c0d490, 0x0000000744e00000|  2%| O|Cm|TAMS 0x0000000744c00000| PB 0x0000000744c00000| Complete 
|  19|0x0000000744e00000, 0x0000000745000000, 0x0000000745000000|100%| E|CS|TAMS 0x0000000744e00000| PB 0x0000000744e00000| Complete 
|  20|0x0000000745000000, 0x0000000745200000, 0x0000000745200000|100%| O|  |TAMS 0x0000000745000000| PB 0x0000000745000000| Untracked 
|  21|0x0000000745200000, 0x0000000745400000, 0x0000000745400000|100%| O|  |TAMS 0x0000000745200000| PB 0x0000000745200000| Untracked 
|  22|0x0000000745400000, 0x0000000745449bc0, 0x0000000745600000| 14%| O|  |TAMS 0x0000000745400000| PB 0x0000000745400000| Untracked 
|  23|0x0000000745600000, 0x0000000745600000, 0x0000000745800000|  0%| F|  |TAMS 0x0000000745600000| PB 0x0000000745600000| Untracked 
|  24|0x0000000745800000, 0x000000074586b340, 0x0000000745a00000| 20%| S|  |TAMS 0x0000000745800000| PB 0x0000000745800000| Complete 
|  25|0x0000000745a00000, 0x0000000745c00000, 0x0000000745c00000|100%| S|  |TAMS 0x0000000745a00000| PB 0x0000000745a00000| Complete 
|  26|0x0000000745c00000, 0x0000000745e00000, 0x0000000745e00000|100%| E|CS|TAMS 0x0000000745c00000| PB 0x0000000745c00000| Complete 
|  27|0x0000000745e00000, 0x0000000746000000, 0x0000000746000000|100%| E|CS|TAMS 0x0000000745e00000| PB 0x0000000745e00000| Complete 
|  28|0x0000000746000000, 0x0000000746200000, 0x0000000746200000|100%| E|CS|TAMS 0x0000000746000000| PB 0x0000000746000000| Complete 
|  29|0x0000000746200000, 0x00000007463ffee0, 0x0000000746400000| 99%| E|CS|TAMS 0x0000000746200000| PB 0x0000000746200000| Complete 
|  30|0x0000000746400000, 0x0000000746600000, 0x0000000746600000|100%| E|CS|TAMS 0x0000000746400000| PB 0x0000000746400000| Complete 
|  31|0x0000000746600000, 0x0000000746800000, 0x0000000746800000|100%| E|CS|TAMS 0x0000000746600000| PB 0x0000000746600000| Complete 
|  32|0x0000000746800000, 0x0000000746a00000, 0x0000000746a00000|100%| E|CS|TAMS 0x0000000746800000| PB 0x0000000746800000| Complete 
|  33|0x0000000746a00000, 0x0000000746c00000, 0x0000000746c00000|100%| E|CS|TAMS 0x0000000746a00000| PB 0x0000000746a00000| Complete 
|  34|0x0000000746c00000, 0x0000000746e00000, 0x0000000746e00000|100%| E|CS|TAMS 0x0000000746c00000| PB 0x0000000746c00000| Complete 
|  67|0x000000074ae00000, 0x000000074b000000, 0x000000074b000000|100%| E|CS|TAMS 0x000000074ae00000| PB 0x000000074ae00000| Complete 
|  68|0x000000074b000000, 0x000000074b200000, 0x000000074b200000|100%| E|CS|TAMS 0x000000074b000000| PB 0x000000074b000000| Complete 
|  69|0x000000074b200000, 0x000000074b400000, 0x000000074b400000|100%| E|CS|TAMS 0x000000074b200000| PB 0x000000074b200000| Complete 
|  93|0x000000074e200000, 0x000000074e400000, 0x000000074e400000|100%| E|CS|TAMS 0x000000074e200000| PB 0x000000074e200000| Complete 
|  94|0x000000074e400000, 0x000000074e600000, 0x000000074e600000|100%| E|CS|TAMS 0x000000074e400000| PB 0x000000074e400000| Complete 
|1515|0x00000007ffe00000, 0x0000000800000000, 0x0000000800000000|100%| E|CS|TAMS 0x00000007ffe00000| PB 0x00000007ffe00000| Complete 

Card table byte_map: [0x0000026e0be20000,0x0000026e0c410000] _byte_map_base: 0x0000026e0840c000

Marking Bits: (CMBitMap*) 0x0000026e000a3730
 Bits: [0x0000026e0c410000, 0x0000026e0f370000)

Polling page: 0x0000026e7ded0000

Metaspace:

Usage:
  Non-class:     66.32 MB used.
      Class:     10.67 MB used.
       Both:     77.00 MB used.

Virtual space:
  Non-class space:      128.00 MB reserved,      66.75 MB ( 52%) committed,  2 nodes.
      Class space:        1.00 GB reserved,      11.06 MB (  1%) committed,  1 nodes.
             Both:        1.12 GB reserved,      77.81 MB (  7%) committed. 

Chunk freelists:
   Non-Class:  13.33 MB
       Class:  5.03 MB
        Both:  18.36 MB

MaxMetaspaceSize: unlimited
CompressedClassSpaceSize: 1.00 GB
Initial GC threshold: 21.00 MB
Current GC threshold: 129.50 MB
CDS: on
 - commit_granule_bytes: 65536.
 - commit_granule_words: 8192.
 - virtual_space_node_default_size: 8388608.
 - enlarge_chunks_in_place: 1.
 - use_allocation_guard: 0.


Internal statistics:

num_allocs_failed_limit: 9.
num_arena_births: 1516.
num_arena_deaths: 608.
num_vsnodes_births: 3.
num_vsnodes_deaths: 0.
num_space_committed: 1245.
num_space_uncommitted: 0.
num_chunks_returned_to_freelist: 721.
num_chunks_taken_from_freelist: 4319.
num_chunk_merges: 138.
num_chunk_splits: 2944.
num_chunks_enlarged: 2329.
num_inconsistent_stats: 0.

CodeCache: size=49152Kb used=14249Kb max_used=15816Kb free=34902Kb
 bounds [0x0000026e08720000, 0x0000026e097e0000, 0x0000026e0b720000]
 total_blobs=7874 nmethods=7109 adapters=688
 compilation: enabled
              stopped_count=0, restarted_count=0
 full_count=0

Compilation events (20 events):
Event: 21495.534 Thread 0x0000026e11dce620 12413   !   1       java.lang.Object::wait (50 bytes)
Event: 21495.534 Thread 0x0000026e11dce620 nmethod 12413 0x0000026e09402190 code [0x0000026e09402380, 0x0000026e09402610]
Event: 21544.627 Thread 0x0000026e11dce620 12414   !   1       java.util.concurrent.ThreadPoolExecutor::tryTerminate (177 bytes)
Event: 21544.630 Thread 0x0000026e11dce620 nmethod 12414 0x0000026e09400290 code [0x0000026e09400620, 0x0000026e094013e8]
Event: 21549.040 Thread 0x0000026e11dce620 12415       1       sun.security.ssl.SSLConfiguration::getEnabledExtensions (131 bytes)
Event: 21549.041 Thread 0x0000026e11dce620 nmethod 12415 0x0000026e093ff490 code [0x0000026e093ff6e0, 0x0000026e093ffe08]
Event: 21915.569 Thread 0x0000026e11dce620 12416       1       com.sun.jmx.remote.util.ClassLogger::debugOn (13 bytes)
Event: 21915.570 Thread 0x0000026e11dce620 nmethod 12416 0x0000026e093ff110 code [0x0000026e093ff2c0, 0x0000026e093ff3c8]
Event: 22095.585 Thread 0x0000026e11dce620 12417   !   1       javax.management.remote.rmi.RMIConnectionImpl::doPrivilegedOperation (173 bytes)
Event: 22095.589 Thread 0x0000026e11dce620 nmethod 12417 0x0000026e093fd910 code [0x0000026e093fdbe0, 0x0000026e093fe578]
Event: 22095.589 Thread 0x0000026e11dce620 12418   !   1       com.sun.jmx.remote.internal.ServerCommunicatorAdmin::reqIncoming (65 bytes)
Event: 22095.590 Thread 0x0000026e11dce620 nmethod 12418 0x0000026e093fd210 code [0x0000026e093fd400, 0x0000026e093fd708]
Event: 22095.590 Thread 0x0000026e11dce620 12419       1       javax.management.remote.rmi.RMIConnectionImpl$PrivilegedOperation::<init> (20 bytes)
Event: 22095.590 Thread 0x0000026e11dce620 nmethod 12419 0x0000026e093fce90 code [0x0000026e093fd020, 0x0000026e093fd198]
Event: 22095.590 Thread 0x0000026e11dce620 12420       1       javax.management.remote.rmi.RMIConnectionImpl$PrivilegedOperation::run (16 bytes)
Event: 22095.590 Thread 0x0000026e11dce620 nmethod 12420 0x0000026e093fcb10 code [0x0000026e093fccc0, 0x0000026e093fcdc8]
Event: 22095.590 Thread 0x0000026e11dce620 12421       1       javax.management.remote.rmi.RMIConnectionImpl::doOperation (683 bytes)
Event: 22095.594 Thread 0x0000026e11dce620 nmethod 12421 0x0000026e093f9d90 code [0x0000026e093fa300, 0x0000026e093fbe98]
Event: 22095.594 Thread 0x0000026e11dce620 12422   !   1       com.sun.jmx.remote.internal.ServerCommunicatorAdmin::rspOutgoing (76 bytes)
Event: 22095.597 Thread 0x0000026e11dce620 nmethod 12422 0x0000026e093f8b10 code [0x0000026e093f8da0, 0x0000026e093f94c8]

GC Heap History (20 events):
Event: 4404.725 GC heap after
{Heap after GC invocations=39 (full 0):
 garbage-first heap   total 83968K, used 37552K [0x0000000742800000, 0x0000000800000000)
  region size 2048K, 2 young (4096K), 2 survivors (4096K)
 Metaspace       used 78370K, committed 79552K, reserved 1179648K
  class space    used 10830K, committed 11264K, reserved 1048576K
}
Event: 5167.278 GC heap before
{Heap before GC invocations=39 (full 0):
 garbage-first heap   total 83968K, used 70320K [0x0000000742800000, 0x0000000800000000)
  region size 2048K, 18 young (36864K), 2 survivors (4096K)
 Metaspace       used 78372K, committed 79552K, reserved 1179648K
  class space    used 10830K, committed 11264K, reserved 1048576K
}
Event: 5167.294 GC heap after
{Heap after GC invocations=40 (full 0):
 garbage-first heap   total 83968K, used 35167K [0x0000000742800000, 0x0000000800000000)
  region size 2048K, 2 young (4096K), 2 survivors (4096K)
 Metaspace       used 78372K, committed 79552K, reserved 1179648K
  class space    used 10830K, committed 11264K, reserved 1048576K
}
Event: 6144.674 GC heap before
{Heap before GC invocations=40 (full 0):
 garbage-first heap   total 83968K, used 72031K [0x0000000742800000, 0x0000000800000000)
  region size 2048K, 20 young (40960K), 2 survivors (4096K)
 Metaspace       used 78372K, committed 79552K, reserved 1179648K
  class space    used 10830K, committed 11264K, reserved 1048576K
}
Event: 6144.692 GC heap after
{Heap after GC invocations=41 (full 0):
 garbage-first heap   total 83968K, used 34844K [0x0000000742800000, 0x0000000800000000)
  region size 2048K, 2 young (4096K), 2 survivors (4096K)
 Metaspace       used 78372K, committed 79552K, reserved 1179648K
  class space    used 10830K, committed 11264K, reserved 1048576K
}
Event: 7051.027 GC heap before
{Heap before GC invocations=42 (full 0):
 garbage-first heap   total 83968K, used 71708K [0x0000000742800000, 0x0000000800000000)
  region size 2048K, 20 young (40960K), 2 survivors (4096K)
 Metaspace       used 78372K, committed 79552K, reserved 1179648K
  class space    used 10830K, committed 11264K, reserved 1048576K
}
Event: 7051.043 GC heap after
{Heap after GC invocations=43 (full 0):
 garbage-first heap   total 83968K, used 34979K [0x0000000742800000, 0x0000000800000000)
  region size 2048K, 2 young (4096K), 2 survivors (4096K)
 Metaspace       used 78372K, committed 79552K, reserved 1179648K
  class space    used 10830K, committed 11264K, reserved 1048576K
}
Event: 7974.537 GC heap before
{Heap before GC invocations=43 (full 0):
 garbage-first heap   total 83968K, used 71843K [0x0000000742800000, 0x0000000800000000)
  region size 2048K, 20 young (40960K), 2 survivors (4096K)
 Metaspace       used 78374K, committed 79552K, reserved 1179648K
  class space    used 10831K, committed 11264K, reserved 1048576K
}
Event: 7974.545 GC heap after
{Heap after GC invocations=44 (full 0):
 garbage-first heap   total 83968K, used 34457K [0x0000000742800000, 0x0000000800000000)
  region size 2048K, 2 young (4096K), 2 survivors (4096K)
 Metaspace       used 78374K, committed 79552K, reserved 1179648K
  class space    used 10831K, committed 11264K, reserved 1048576K
}
Event: 8932.800 GC heap before
{Heap before GC invocations=44 (full 0):
 garbage-first heap   total 83968K, used 71321K [0x0000000742800000, 0x0000000800000000)
  region size 2048K, 20 young (40960K), 2 survivors (4096K)
 Metaspace       used 78374K, committed 79552K, reserved 1179648K
  class space    used 10831K, committed 11264K, reserved 1048576K
}
Event: 8932.809 GC heap after
{Heap after GC invocations=45 (full 0):
 garbage-first heap   total 83968K, used 34406K [0x0000000742800000, 0x0000000800000000)
  region size 2048K, 2 young (4096K), 2 survivors (4096K)
 Metaspace       used 78374K, committed 79552K, reserved 1179648K
  class space    used 10831K, committed 11264K, reserved 1048576K
}
Event: 18499.694 GC heap before
{Heap before GC invocations=46 (full 0):
 garbage-first heap   total 83968K, used 71270K [0x0000000742800000, 0x0000000800000000)
  region size 2048K, 20 young (40960K), 2 survivors (4096K)
 Metaspace       used 78450K, committed 79552K, reserved 1179648K
  class space    used 10846K, committed 11264K, reserved 1048576K
}
Event: 18499.705 GC heap after
{Heap after GC invocations=47 (full 0):
 garbage-first heap   total 83968K, used 34795K [0x0000000742800000, 0x0000000800000000)
  region size 2048K, 2 young (4096K), 2 survivors (4096K)
 Metaspace       used 78450K, committed 79552K, reserved 1179648K
  class space    used 10846K, committed 11264K, reserved 1048576K
}
Event: 19418.908 GC heap before
{Heap before GC invocations=47 (full 0):
 garbage-first heap   total 83968K, used 69611K [0x0000000742800000, 0x0000000800000000)
  region size 2048K, 20 young (40960K), 2 survivors (4096K)
 Metaspace       used 78450K, committed 79552K, reserved 1179648K
  class space    used 10846K, committed 11264K, reserved 1048576K
}
Event: 19418.920 GC heap after
{Heap after GC invocations=48 (full 0):
 garbage-first heap   total 83968K, used 34098K [0x0000000742800000, 0x0000000800000000)
  region size 2048K, 2 young (4096K), 2 survivors (4096K)
 Metaspace       used 78450K, committed 79552K, reserved 1179648K
  class space    used 10846K, committed 11264K, reserved 1048576K
}
Event: 19760.967 GC heap before
{Heap before GC invocations=48 (full 0):
 garbage-first heap   total 83968K, used 50482K [0x0000000742800000, 0x0000000800000000)
  region size 2048K, 11 young (22528K), 2 survivors (4096K)
 Metaspace       used 78667K, committed 79616K, reserved 1179648K
  class space    used 10896K, committed 11264K, reserved 1048576K
}
Event: 19761.217 GC heap after
{Heap after GC invocations=49 (full 1):
 garbage-first heap   total 83968K, used 28265K [0x0000000742800000, 0x0000000800000000)
  region size 2048K, 0 young (0K), 0 survivors (0K)
 Metaspace       used 78596K, committed 79616K, reserved 1179648K
  class space    used 10882K, committed 11264K, reserved 1048576K
}
Event: 19762.732 GC heap before
{Heap before GC invocations=49 (full 1):
 garbage-first heap   total 83968K, used 71273K [0x0000000742800000, 0x0000000800000000)
  region size 2048K, 21 young (43008K), 0 survivors (0K)
 Metaspace       used 78751K, committed 79680K, reserved 1179648K
  class space    used 10913K, committed 11328K, reserved 1048576K
}
Event: 19762.740 GC heap after
{Heap after GC invocations=50 (full 1):
 garbage-first heap   total 83968K, used 33299K [0x0000000742800000, 0x0000000800000000)
  region size 2048K, 3 young (6144K), 3 survivors (6144K)
 Metaspace       used 78751K, committed 79680K, reserved 1179648K
  class space    used 10913K, committed 11328K, reserved 1048576K
}
Event: 22370.228 GC heap before
{Heap before GC invocations=51 (full 1):
 garbage-first heap   total 83968K, used 61971K [0x0000000742800000, 0x0000000800000000)
  region size 2048K, 18 young (36864K), 3 survivors (6144K)
 Metaspace       used 78844K, committed 79680K, reserved 1179648K
  class space    used 10928K, committed 11328K, reserved 1048576K
}

Dll operation events (12 events):
Event: 0.024 Loaded shared library C:\pleiades\2025-03\java\21\bin\java.dll
Event: 0.594 Loaded shared library C:\pleiades\2025-03\java\21\bin\zip.dll
Event: 0.613 Loaded shared library C:\pleiades\2025-03\java\21\bin\instrument.dll
Event: 0.638 Loaded shared library C:\pleiades\2025-03\java\21\bin\net.dll
Event: 0.643 Loaded shared library C:\pleiades\2025-03\java\21\bin\nio.dll
Event: 0.650 Loaded shared library C:\pleiades\2025-03\java\21\bin\zip.dll
Event: 1.310 Loaded shared library C:\pleiades\2025-03\java\21\bin\jimage.dll
Event: 1.488 Loaded shared library C:\pleiades\2025-03\java\21\bin\management.dll
Event: 1.523 Loaded shared library C:\pleiades\2025-03\java\21\bin\management_ext.dll
Event: 2.382 Loaded shared library C:\pleiades\2025-03\java\21\bin\verify.dll
Event: 2.597 Loaded shared library C:\pleiades\2025-03\java\21\bin\extnet.dll
Event: 6.181 Loaded shared library C:\pleiades\2025-03\java\21\bin\sunmscapi.dll

Deoptimization events (20 events):
Event: 21400.332 Thread 0x0000026e5ab8a550 DEOPT PACKING pc=0x0000026e092b335c sp=0x0000009c76bfe8e0
Event: 21400.332 Thread 0x0000026e5ab8a550 DEOPT UNPACKING pc=0x0000026e08774e42 sp=0x0000009c76bfde28 mode 1
Event: 21400.332 Thread 0x0000026e5ab8a550 DEOPT PACKING pc=0x0000026e092b1a34 sp=0x0000009c76bfea00
Event: 21400.332 Thread 0x0000026e5ab8a550 DEOPT UNPACKING pc=0x0000026e08774e42 sp=0x0000009c76bfdea8 mode 1
Event: 21400.332 Thread 0x0000026e5ab8a550 DEOPT PACKING pc=0x0000026e092b1dfc sp=0x0000009c76bfea60
Event: 21400.332 Thread 0x0000026e5ab8a550 DEOPT UNPACKING pc=0x0000026e08774e42 sp=0x0000009c76bfdf38 mode 1
Event: 21443.379 Thread 0x0000026e5ab8abe0 DEOPT PACKING pc=0x0000026e08a37934 sp=0x0000009c782fd7e0
Event: 21443.379 Thread 0x0000026e5ab8abe0 DEOPT UNPACKING pc=0x0000026e08774e42 sp=0x0000009c782fcc98 mode 0
Event: 21549.035 Thread 0x0000026e5ab8a550 DEOPT PACKING pc=0x0000026e0928c37c sp=0x0000009c76bfe490
Event: 21549.035 Thread 0x0000026e5ab8a550 DEOPT UNPACKING pc=0x0000026e08774e42 sp=0x0000009c76bfd8e0 mode 1
Event: 21549.035 Thread 0x0000026e5ab8a550 DEOPT PACKING pc=0x0000026e092d2b14 sp=0x0000009c76bfe540
Event: 21549.035 Thread 0x0000026e5ab8a550 DEOPT UNPACKING pc=0x0000026e08774e42 sp=0x0000009c76bfd9f8 mode 1
Event: 21549.035 Thread 0x0000026e5ab8a550 DEOPT PACKING pc=0x0000026e092b41d4 sp=0x0000009c76bfe5f0
Event: 21549.035 Thread 0x0000026e5ab8a550 DEOPT UNPACKING pc=0x0000026e08774e42 sp=0x0000009c76bfdb30 mode 1
Event: 21549.035 Thread 0x0000026e5ab8a550 DEOPT PACKING pc=0x0000026e092b335c sp=0x0000009c76bfe710
Event: 21549.035 Thread 0x0000026e5ab8a550 DEOPT UNPACKING pc=0x0000026e08774e42 sp=0x0000009c76bfdc58 mode 1
Event: 21549.035 Thread 0x0000026e5ab8a550 DEOPT PACKING pc=0x0000026e092b1a34 sp=0x0000009c76bfe830
Event: 21549.035 Thread 0x0000026e5ab8a550 DEOPT UNPACKING pc=0x0000026e08774e42 sp=0x0000009c76bfdcd8 mode 1
Event: 21549.035 Thread 0x0000026e5ab8a550 DEOPT PACKING pc=0x0000026e092b1dfc sp=0x0000009c76bfe890
Event: 21549.035 Thread 0x0000026e5ab8a550 DEOPT UNPACKING pc=0x0000026e08774e42 sp=0x0000009c76bfdd68 mode 1

Classes loaded (20 events):
Event: 19760.782 Loading class java/util/concurrent/locks/AbstractQueuedSynchronizer$SharedNode
Event: 19760.783 Loading class java/util/concurrent/locks/AbstractQueuedSynchronizer$SharedNode done
Event: 19760.932 Loading class sun/util/locale/LocaleExtensions
Event: 19760.935 Loading class sun/util/locale/LocaleExtensions done
Event: 19760.936 Loading class java/util/Locale$FilteringMode
Event: 19760.937 Loading class java/util/Locale$FilteringMode done
Event: 19760.938 Loading class java/util/Locale$IsoCountryCode
Event: 19760.940 Loading class java/util/Locale$IsoCountryCode done
Event: 19760.941 Loading class java/io/ObjectOutputStream$PutFieldImpl
Event: 19760.943 Loading class java/io/ObjectOutputStream$PutField
Event: 19760.943 Loading class java/io/ObjectOutputStream$PutField done
Event: 19760.943 Loading class java/io/ObjectOutputStream$PutFieldImpl done
Event: 19760.943 Loading class java/io/FileOutputStream$1
Event: 19760.944 Loading class java/io/FileOutputStream$1 done
Event: 19761.217 Loading class java/lang/ref/Finalizer$2
Event: 19761.219 Loading class java/lang/ref/Finalizer$2 done
Event: 19761.219 Loading class java/lang/ref/Finalizer$1
Event: 19761.220 Loading class java/lang/ref/Finalizer$1 done
Event: 19762.890 Loading class java/io/InvalidClassException
Event: 19762.890 Loading class java/io/InvalidClassException done

Classes unloaded (20 events):
Event: 19762.786 Thread 0x0000026e11d8a7e0 Unloading class 0x0000026e1343c800 'jdk/internal/reflect/GeneratedSerializationConstructorAccessor39'
Event: 19762.786 Thread 0x0000026e11d8a7e0 Unloading class 0x0000026e13446c00 'jdk/internal/reflect/GeneratedSerializationConstructorAccessor38'
Event: 19762.786 Thread 0x0000026e11d8a7e0 Unloading class 0x0000026e13450400 'jdk/internal/reflect/GeneratedSerializationConstructorAccessor37'
Event: 19762.786 Thread 0x0000026e11d8a7e0 Unloading class 0x0000026e134a4400 'java/lang/invoke/LambdaForm$MH+0x0000026e134a4400'
Event: 19762.786 Thread 0x0000026e11d8a7e0 Unloading class 0x0000026e134c0000 'java/lang/invoke/LambdaForm$MH+0x0000026e134c0000'
Event: 19762.786 Thread 0x0000026e11d8a7e0 Unloading class 0x0000026e134dc400 'java/lang/invoke/LambdaForm$MH+0x0000026e134dc400'
Event: 19762.786 Thread 0x0000026e11d8a7e0 Unloading class 0x0000026e134dd400 'java/lang/invoke/LambdaForm$MH+0x0000026e134dd400'
Event: 19762.786 Thread 0x0000026e11d8a7e0 Unloading class 0x0000026e134f8400 'java/lang/invoke/LambdaForm$MH+0x0000026e134f8400'
Event: 19762.786 Thread 0x0000026e11d8a7e0 Unloading class 0x0000026e134f9800 'java/lang/invoke/LambdaForm$MH+0x0000026e134f9800'
Event: 19762.786 Thread 0x0000026e11d8a7e0 Unloading class 0x0000026e134fa000 'java/lang/invoke/LambdaForm$MH+0x0000026e134fa000'
Event: 19762.786 Thread 0x0000026e11d8a7e0 Unloading class 0x0000026e13508000 'java/lang/invoke/LambdaForm$MH+0x0000026e13508000'
Event: 19762.786 Thread 0x0000026e11d8a7e0 Unloading class 0x0000026e135d8400 'java/lang/invoke/LambdaForm$MH+0x0000026e135d8400'
Event: 19762.786 Thread 0x0000026e11d8a7e0 Unloading class 0x0000026e135d9400 'jdk/internal/reflect/GeneratedSerializationConstructorAccessor36'
Event: 19762.786 Thread 0x0000026e11d8a7e0 Unloading class 0x0000026e13a79000 'java/lang/invoke/LambdaForm$MH+0x0000026e13a79000'
Event: 19762.786 Thread 0x0000026e11d8a7e0 Unloading class 0x0000026e13a88800 'java/lang/invoke/LambdaForm$MH+0x0000026e13a88800'
Event: 19762.786 Thread 0x0000026e11d8a7e0 Unloading class 0x0000026e13a8a000 'java/lang/invoke/LambdaForm$MH+0x0000026e13a8a000'
Event: 19762.786 Thread 0x0000026e11d8a7e0 Unloading class 0x0000026e13a0c800 'jdk/internal/reflect/GeneratedSerializationConstructorAccessor23'
Event: 19762.786 Thread 0x0000026e11d8a7e0 Unloading class 0x0000026e13a0d000 'jdk/internal/reflect/GeneratedSerializationConstructorAccessor22'
Event: 19762.786 Thread 0x0000026e11d8a7e0 Unloading class 0x0000026e13a0dc00 'jdk/internal/reflect/GeneratedSerializationConstructorAccessor21'
Event: 19762.786 Thread 0x0000026e11d8a7e0 Unloading class 0x0000026e13a10400 'jdk/internal/reflect/GeneratedSerializationConstructorAccessor20'

Classes redefined (0 events):
No events

Internal exceptions (20 events):
Event: 19761.279 Thread 0x0000026e5ab8abe0 Exception <a 'sun/nio/fs/WindowsException'{0x00000007ffeb0700}> (0x00000007ffeb0700) 
thrown [s\src\hotspot\share\prims\jni.cpp, line 520]
Event: 19762.498 Thread 0x0000026e5ab8abe0 Exception <a 'java/lang/NoClassDefFoundError'{0x0000000745806bb8}: org/flywaydb/core/Flyway> (0x0000000745806bb8) 
thrown [s\src\hotspot\share\oops\constantPool.cpp, line 873]
Event: 19762.502 Thread 0x0000026e5ab8abe0 Exception <a 'java/lang/NoClassDefFoundError'{0x0000000745807218}: liquibase/integration/spring/SpringLiquibase> (0x0000000745807218) 
thrown [s\src\hotspot\share\oops\constantPool.cpp, line 873]
Event: 19762.509 Thread 0x0000026e5ab8abe0 Exception <a 'java/lang/NoClassDefFoundError'{0x00000007458368e8}: org/jooq/DSLContext> (0x00000007458368e8) 
thrown [s\src\hotspot\share\oops\constantPool.cpp, line 873]
Event: 19762.518 Thread 0x0000026e5ab8abe0 Exception <a 'java/lang/NoClassDefFoundError'{0x00000007458a2c50}: org/springframework/batch/core/repository/JobRepository> (0x00000007458a2c50) 
thrown [s\src\hotspot\share\oops\constantPool.cpp, line 873]
Event: 19762.520 Thread 0x0000026e5ab8abe0 Exception <a 'java/lang/NoClassDefFoundError'{0x00000007458a32a8}: org/quartz/Scheduler> (0x00000007458a32a8) 
thrown [s\src\hotspot\share\oops\constantPool.cpp, line 873]
Event: 19762.523 Thread 0x0000026e5ab8abe0 Exception <a 'java/lang/NoClassDefFoundError'{0x00000007458a3928}: org/springframework/session/jdbc/JdbcIndexedSessionRepository> (0x00000007458a3928) 
thrown [s\src\hotspot\share\oops\constantPool.cpp, line 873]
Event: 19762.537 Thread 0x0000026e5ab8abe0 Exception <a 'java/lang/NoSuchMethodError'{0x00000007459447e0}: 'void java.lang.invoke.DelegatingMethodHandle$Holder.reinvoke_L(java.lang.Object, java.lang.Object, int)'> (0x00000007459447e0) 
thrown [s\src\hotspot\share\interpreter\linkResolver.cpp, line 773]
Event: 19762.746 Thread 0x0000026e5ab8abe0 Exception <a 'java/lang/NoSuchMethodError'{0x00000007ffe3de18}: 'int java.lang.invoke.DirectMethodHandle$Holder.invokeVirtual(java.lang.Object, java.lang.Object, java.lang.Object, java.lang.Object)'> (0x00000007ffe3de18) 
thrown [s\src\hotspot\share\interpreter\linkResolver.cpp, line 773]
Event: 19762.747 Thread 0x0000026e5ab8abe0 Exception <a 'java/lang/NoSuchMethodError'{0x00000007ffe41410}: 'int java.lang.invoke.DelegatingMethodHandle$Holder.reinvoke_L(java.lang.Object, java.lang.Object, java.lang.Object, java.lang.Object)'> (0x00000007ffe41410) 
thrown [s\src\hotspot\share\interpreter\linkResolver.cpp, line 773]
Event: 19762.765 Thread 0x0000026e5ab8abe0 Exception <a 'java/io/FileNotFoundException'{0x00000007ffe89fb0}> (0x00000007ffe89fb0) 
thrown [s\src\hotspot\share\prims\jni.cpp, line 520]
Event: 19875.047 Thread 0x0000026e5ab89830 Exception <a 'java/lang/NoSuchMethodError'{0x000000074639cff8}: static [B.<clinit>()V> (0x000000074639cff8) 
thrown [s\src\hotspot\share\prims\jni.cpp, line 1111]
Event: 21161.544 Thread 0x0000026e5ab8a550 Exception <a 'java/io/IOException'{0x00000007460ab4d0}> (0x00000007460ab4d0) 
thrown [s\src\hotspot\share\prims\jni.cpp, line 520]
Event: 21279.307 Thread 0x0000026e5ab8a550 Exception <a 'java/io/IOException'{0x0000000746195ad8}> (0x0000000746195ad8) 
thrown [s\src\hotspot\share\prims\jni.cpp, line 520]
Event: 21279.308 Thread 0x0000026e5ab8a550 Exception <a 'java/io/IOException'{0x0000000746196840}> (0x0000000746196840) 
thrown [s\src\hotspot\share\prims\jni.cpp, line 520]
Event: 21350.925 Thread 0x0000026e5ab8a550 Exception <a 'java/io/IOException'{0x0000000745e68ac8}> (0x0000000745e68ac8) 
thrown [s\src\hotspot\share\prims\jni.cpp, line 520]
Event: 21350.926 Thread 0x0000026e5ab8a550 Exception <a 'java/io/IOException'{0x0000000745e696e8}> (0x0000000745e696e8) 
thrown [s\src\hotspot\share\prims\jni.cpp, line 520]
Event: 21400.331 Thread 0x0000026e5ab8a550 Exception <a 'java/io/IOException'{0x0000000745f4e360}> (0x0000000745f4e360) 
thrown [s\src\hotspot\share\prims\jni.cpp, line 520]
Event: 21400.332 Thread 0x0000026e5ab8a550 Exception <a 'java/io/IOException'{0x0000000745f4ef80}> (0x0000000745f4ef80) 
thrown [s\src\hotspot\share\prims\jni.cpp, line 520]
Event: 21549.035 Thread 0x0000026e5ab8a550 Exception <a 'java/io/IOException'{0x0000000745ce2640}> (0x0000000745ce2640) 
thrown [s\src\hotspot\share\prims\jni.cpp, line 520]

ZGC Phase Switch (0 events):
No events

VM Operations (20 events):
Event: 21598.214 Executing VM operation: get/set locals done
Event: 21598.214 Executing VM operation: get/set locals
Event: 21598.214 Executing VM operation: get/set locals done
Event: 21598.215 Executing VM operation: get/set locals
Event: 21598.215 Executing VM operation: get/set locals done
Event: 21598.216 Executing VM operation: get/set locals
Event: 21598.216 Executing VM operation: get/set locals done
Event: 21598.217 Executing VM operation: get/set locals
Event: 21598.217 Executing VM operation: get/set locals done
Event: 21598.218 Executing VM operation: get/set locals
Event: 21598.218 Executing VM operation: get/set locals done
Event: 21598.219 Executing VM operation: get/set locals
Event: 21598.219 Executing VM operation: get/set locals done
Event: 21783.902 Executing VM operation: HandshakeAllThreads (HandshakeForDeflation)
Event: 21783.903 Executing VM operation: HandshakeAllThreads (HandshakeForDeflation) done
Event: 21783.903 Executing VM operation: RendezvousGCThreads
Event: 21783.903 Executing VM operation: RendezvousGCThreads done
Event: 22155.648 Executing VM operation: Cleanup
Event: 22155.648 Executing VM operation: Cleanup done
Event: 22370.228 Executing VM operation: G1CollectForAllocation (G1 Evacuation Pause)

Memory protections (0 events):
No events

Nmethod flushes (20 events):
Event: 19762.796 Thread 0x0000026e11d8a7e0 flushing  nmethod 0x0000026e09241c90
Event: 19762.796 Thread 0x0000026e11d8a7e0 flushing  nmethod 0x0000026e0928ab10
Event: 19762.796 Thread 0x0000026e11d8a7e0 flushing  nmethod 0x0000026e09297490
Event: 19762.796 Thread 0x0000026e11d8a7e0 flushing  nmethod 0x0000026e092d9110
Event: 19762.796 Thread 0x0000026e11d8a7e0 flushing  nmethod 0x0000026e09493910
Event: 19762.796 Thread 0x0000026e11d8a7e0 flushing  nmethod 0x0000026e09493f10
Event: 19762.796 Thread 0x0000026e11d8a7e0 flushing  nmethod 0x0000026e09494a90
Event: 19762.796 Thread 0x0000026e11d8a7e0 flushing  nmethod 0x0000026e094b4090
Event: 19762.796 Thread 0x0000026e11d8a7e0 flushing  nmethod 0x0000026e094b4690
Event: 19762.796 Thread 0x0000026e11d8a7e0 flushing  nmethod 0x0000026e094b6710
Event: 19762.796 Thread 0x0000026e11d8a7e0 flushing  nmethod 0x0000026e094ba590
Event: 19762.796 Thread 0x0000026e11d8a7e0 flushing  nmethod 0x0000026e094d0090
Event: 19762.796 Thread 0x0000026e11d8a7e0 flushing  nmethod 0x0000026e094d0390
Event: 19762.796 Thread 0x0000026e11d8a7e0 flushing  nmethod 0x0000026e094d2310
Event: 19762.796 Thread 0x0000026e11d8a7e0 flushing  nmethod 0x0000026e094d3d10
Event: 19762.796 Thread 0x0000026e11d8a7e0 flushing  nmethod 0x0000026e0967ff10
Event: 19762.796 Thread 0x0000026e11d8a7e0 flushing  nmethod 0x0000026e09690410
Event: 19762.796 Thread 0x0000026e11d8a7e0 flushing  nmethod 0x0000026e09690790
Event: 19762.796 Thread 0x0000026e11d8a7e0 flushing  nmethod 0x0000026e09690d90
Event: 19762.796 Thread 0x0000026e11d8a7e0 flushing  nmethod 0x0000026e09691710

Events (20 events):
Event: 21380.526 Thread 0x0000026e11dce620 Thread added: 0x0000026e5f102790
Event: 21385.514 Thread 0x0000026e5ab8a550 Thread exited: 0x0000026e5ab8a550
Event: 21385.530 Thread 0x0000026e5f102790 Thread exited: 0x0000026e5f102790
Event: 21385.577 Thread 0x0000026e5ab907c0 Thread exited: 0x0000026e5ab907c0
Event: 21400.330 Thread 0x0000026e5ab8d9d0 Thread added: 0x0000026e5ab8a550
Event: 21400.333 Thread 0x0000026e5ab8a550 Thread added: 0x0000026e5ab8e6f0
Event: 21405.341 Thread 0x0000026e5ab8a550 Thread exited: 0x0000026e5ab8a550
Event: 21405.404 Thread 0x0000026e5ab8e6f0 Thread exited: 0x0000026e5ab8e6f0
Event: 21445.672 Thread 0x0000026e5ab8d9d0 Thread added: 0x0000026e5ab8a550
Event: 21445.673 Thread 0x0000026e5ab8a550 Thread added: 0x0000026e5ab8e6f0
Event: 21450.677 Thread 0x0000026e5ab8a550 Thread exited: 0x0000026e5ab8a550
Event: 21450.740 Thread 0x0000026e5ab8e6f0 Thread exited: 0x0000026e5ab8e6f0
Event: 21539.556 Thread 0x0000026e5ab8d9d0 Thread added: 0x0000026e5ab8a550
Event: 21539.557 Thread 0x0000026e5ab8a550 Thread added: 0x0000026e5ab90e50
Event: 21544.564 Thread 0x0000026e5ab8a550 Thread exited: 0x0000026e5ab8a550
Event: 21544.627 Thread 0x0000026e5ab90e50 Thread exited: 0x0000026e5ab90e50
Event: 21549.034 Thread 0x0000026e5ab8d9d0 Thread added: 0x0000026e5ab8a550
Event: 21549.035 Thread 0x0000026e5ab8a550 Thread added: 0x0000026e5ab907c0
Event: 21554.042 Thread 0x0000026e5ab8a550 Thread exited: 0x0000026e5ab8a550
Event: 21554.104 Thread 0x0000026e5ab907c0 Thread exited: 0x0000026e5ab907c0


Dynamic libraries:
0x00007ff7579a0000 - 0x00007ff7579ae000 	C:\pleiades\2025-03\java\21\bin\javaw.exe
0x00007ffc20820000 - 0x00007ffc20a87000 	C:\WINDOWS\SYSTEM32\ntdll.dll
0x00007ffc1fa10000 - 0x00007ffc1fad9000 	C:\WINDOWS\System32\KERNEL32.DLL
0x00007ffc1e000000 - 0x00007ffc1e3f0000 	C:\WINDOWS\System32\KERNELBASE.dll
0x00007ffc1deb0000 - 0x00007ffc1dffb000 	C:\WINDOWS\System32\ucrtbase.dll
0x00007ffbc7a00000 - 0x00007ffbc7a1e000 	C:\pleiades\2025-03\java\21\bin\VCRUNTIME140.dll
0x00007ffc06ae0000 - 0x00007ffc06af8000 	C:\pleiades\2025-03\java\21\bin\jli.dll
0x00007ffc205a0000 - 0x00007ffc20765000 	C:\WINDOWS\System32\USER32.dll
0x00007ffc06770000 - 0x00007ffc06a0a000 	C:\WINDOWS\WinSxS\amd64_microsoft.windows.common-controls_6595b64144ccf1df_6.0.26100.4768_none_3e0c112ce331287c\COMCTL32.dll
0x00007ffc1e580000 - 0x00007ffc1e5a7000 	C:\WINDOWS\System32\win32u.dll
0x00007ffc1f530000 - 0x00007ffc1f5d9000 	C:\WINDOWS\System32\msvcrt.dll
0x00007ffc1f7d0000 - 0x00007ffc1f7fb000 	C:\WINDOWS\System32\GDI32.dll
0x00007ffc1dd70000 - 0x00007ffc1dea8000 	C:\WINDOWS\System32\gdi32full.dll
0x00007ffc1db40000 - 0x00007ffc1dbe3000 	C:\WINDOWS\System32\msvcp_win.dll
0x00007ffc1fbe0000 - 0x00007ffc1fc0f000 	C:\WINDOWS\System32\IMM32.DLL
0x00007ffbfa530000 - 0x00007ffbfa53c000 	C:\pleiades\2025-03\java\21\bin\vcruntime140_1.dll
0x00007ffbc0fb0000 - 0x00007ffbc103d000 	C:\pleiades\2025-03\java\21\bin\msvcp140.dll
0x00007ffbf2580000 - 0x00007ffbf3310000 	C:\pleiades\2025-03\java\21\bin\server\jvm.dll
0x00007ffc1fe20000 - 0x00007ffc1fed4000 	C:\WINDOWS\System32\ADVAPI32.dll
0x00007ffc1f720000 - 0x00007ffc1f7c6000 	C:\WINDOWS\System32\sechost.dll
0x00007ffc1f800000 - 0x00007ffc1f918000 	C:\WINDOWS\System32\RPCRT4.dll
0x00007ffc1f2d0000 - 0x00007ffc1f344000 	C:\WINDOWS\System32\WS2_32.dll
0x00007ffc1d7b0000 - 0x00007ffc1d80e000 	C:\WINDOWS\SYSTEM32\POWRPROF.dll
0x00007ffc0a690000 - 0x00007ffc0a6c5000 	C:\WINDOWS\SYSTEM32\WINMM.dll
0x00007ffc0a5d0000 - 0x00007ffc0a5db000 	C:\WINDOWS\SYSTEM32\VERSION.dll
0x00007ffc1d790000 - 0x00007ffc1d7a4000 	C:\WINDOWS\SYSTEM32\UMPDC.dll
0x00007ffc1c6d0000 - 0x00007ffc1c6eb000 	C:\WINDOWS\SYSTEM32\kernel.appcore.dll
0x00007ffc0f770000 - 0x00007ffc0f77a000 	C:\pleiades\2025-03\java\21\bin\jimage.dll
0x00007ffc1b1d0000 - 0x00007ffc1b411000 	C:\WINDOWS\SYSTEM32\DBGHELP.DLL
0x00007ffc20200000 - 0x00007ffc20585000 	C:\WINDOWS\System32\combase.dll
0x00007ffc1f920000 - 0x00007ffc1fa00000 	C:\WINDOWS\System32\OLEAUT32.dll
0x00007ffc094b0000 - 0x00007ffc094f3000 	C:\WINDOWS\SYSTEM32\dbgcore.DLL
0x00007ffc1daa0000 - 0x00007ffc1db39000 	C:\WINDOWS\System32\bcryptPrimitives.dll
0x00007ffbfd720000 - 0x00007ffbfd75c000 	C:\pleiades\2025-03\java\21\bin\jdwp.dll
0x00007ffc0efd0000 - 0x00007ffc0efdf000 	C:\pleiades\2025-03\java\21\bin\instrument.dll
0x00007ffc06b00000 - 0x00007ffc06b1f000 	C:\pleiades\2025-03\java\21\bin\java.dll
0x00007ffc1eb80000 - 0x00007ffc1f2cd000 	C:\WINDOWS\System32\SHELL32.dll
0x00007ffc1dbf0000 - 0x00007ffc1dd63000 	C:\WINDOWS\System32\wintypes.dll
0x00007ffc1b520000 - 0x00007ffc1bd80000 	C:\WINDOWS\SYSTEM32\windows.storage.dll
0x00007ffc1fae0000 - 0x00007ffc1fbd5000 	C:\WINDOWS\System32\SHCORE.dll
0x00007ffc20770000 - 0x00007ffc207da000 	C:\WINDOWS\System32\shlwapi.dll
0x00007ffc1d870000 - 0x00007ffc1d899000 	C:\WINDOWS\SYSTEM32\profapi.dll
0x00007ffc0f830000 - 0x00007ffc0f83b000 	C:\pleiades\2025-03\java\21\bin\dt_socket.dll
0x00007ffc1c090000 - 0x00007ffc1c0c3000 	C:\WINDOWS\SYSTEM32\IPHLPAPI.DLL
0x00007ffc1cc60000 - 0x00007ffc1cccb000 	C:\WINDOWS\system32\mswsock.dll
0x00007ffc1c130000 - 0x00007ffc1c256000 	C:\WINDOWS\SYSTEM32\DNSAPI.dll
0x00007ffc1f710000 - 0x00007ffc1f71a000 	C:\WINDOWS\System32\NSI.dll
0x00007ffc10560000 - 0x00007ffc1056b000 	C:\Windows\System32\rasadhlp.dll
0x00007ffc12d00000 - 0x00007ffc12d86000 	C:\WINDOWS\System32\fwpuclnt.dll
0x00007ffbfd7e0000 - 0x00007ffbfd7f8000 	C:\pleiades\2025-03\java\21\bin\zip.dll
0x00007ffc0ea60000 - 0x00007ffc0ea70000 	C:\pleiades\2025-03\java\21\bin\net.dll
0x00007ffc15ab0000 - 0x00007ffc15bce000 	C:\WINDOWS\SYSTEM32\WINHTTP.dll
0x00007ffbfb030000 - 0x00007ffbfb046000 	C:\pleiades\2025-03\java\21\bin\nio.dll
0x00007ffbf6100000 - 0x00007ffbf610a000 	C:\pleiades\2025-03\java\21\bin\management.dll
0x00007ffbf60f0000 - 0x00007ffbf60fb000 	C:\pleiades\2025-03\java\21\bin\management_ext.dll
0x00007ffc1f680000 - 0x00007ffc1f688000 	C:\WINDOWS\System32\PSAPI.DLL
0x00007ffc096b0000 - 0x00007ffc096c8000 	C:\WINDOWS\system32\napinsp.dll
0x00007ffc09690000 - 0x00007ffc096a2000 	C:\WINDOWS\System32\winrnr.dll
0x00007ffc09650000 - 0x00007ffc09680000 	C:\WINDOWS\system32\nlansp_c.dll
0x00007ffc149d0000 - 0x00007ffc149f0000 	C:\WINDOWS\system32\wshbth.dll
0x00007ffbf6110000 - 0x00007ffbf6120000 	C:\pleiades\2025-03\java\21\bin\verify.dll
0x00007ffc1cf20000 - 0x00007ffc1cf3b000 	C:\WINDOWS\SYSTEM32\CRYPTSP.dll
0x00007ffc1c630000 - 0x00007ffc1c66b000 	C:\WINDOWS\system32\rsaenh.dll
0x00007ffc1cd00000 - 0x00007ffc1cd2b000 	C:\WINDOWS\SYSTEM32\USERENV.dll
0x00007ffc1d840000 - 0x00007ffc1d866000 	C:\WINDOWS\SYSTEM32\bcrypt.dll
0x00007ffc1cf40000 - 0x00007ffc1cf4c000 	C:\WINDOWS\SYSTEM32\CRYPTBASE.dll
0x00007ffbf90f0000 - 0x00007ffbf90f9000 	C:\pleiades\2025-03\java\21\bin\extnet.dll
0x00007ffbfaba0000 - 0x00007ffbfabae000 	C:\pleiades\2025-03\java\21\bin\sunmscapi.dll
0x00007ffc1e400000 - 0x00007ffc1e577000 	C:\WINDOWS\System32\CRYPT32.dll
0x00007ffc1d140000 - 0x00007ffc1d170000 	C:\WINDOWS\SYSTEM32\ncrypt.dll
0x00007ffc1d0f0000 - 0x00007ffc1d12f000 	C:\WINDOWS\SYSTEM32\NTASN1.dll
0x00007ffbaeb90000 - 0x00007ffbaeb98000 	C:\WINDOWS\system32\wshunix.dll

dbghelp: loaded successfully - version: 4.0.5 - missing functions: none
symbol engine: initialized successfully - sym options: 0x614 - pdb path: .;C:\pleiades\2025-03\java\21\bin;C:\WINDOWS\SYSTEM32;C:\WINDOWS\WinSxS\amd64_microsoft.windows.common-controls_6595b64144ccf1df_6.0.26100.4768_none_3e0c112ce331287c;C:\pleiades\2025-03\java\21\bin\server

VM Arguments:
jvm_args: -XX:+ShowCodeDetailsInExceptionMessages -agentlib:jdwp=transport=dt_socket,suspend=y,address=localhost:53194 -Dcom.sun.management.jmxremote -Dcom.sun.management.jmxremote.port=53193 -Dcom.sun.management.jmxremote.authenticate=false -Dcom.sun.management.jmxremote.ssl=false -Djava.rmi.server.hostname=localhost -Dspring.jmx.enabled=true -Dmanagement.endpoints.jmx.exposure.include=* -Dspring.application.admin.enabled=true -Dspring.output.ansi.enabled=always -XX:TieredStopAtLevel=1 -Dspring.boot.project.name=nagoyameshi -javaagent:C:\pleiades\2025-03\eclipse\configuration\org.eclipse.osgi\249\0\.cp\lib\javaagent-shaded.jar -Dfile.encoding=UTF-8 -Dstdout.encoding=UTF-8 -Dstderr.encoding=UTF-8 
java_command: com.example.nagoyameshi.NagoyameshiApplication
java_class_path (initial): C:\pleiades\2025-03\spring_boot\nagoyameshi\target\classes;C:\Users\kana\.m2\repository\org\springframework\boot\spring-boot-starter-data-jdbc\3.5.4\spring-boot-starter-data-jdbc-3.5.4.jar;C:\Users\kana\.m2\repository\org\springframework\boot\spring-boot-starter-jdbc\3.5.4\spring-boot-starter-jdbc-3.5.4.jar;C:\Users\kana\.m2\repository\com\zaxxer\HikariCP\6.3.1\HikariCP-6.3.1.jar;C:\Users\kana\.m2\repository\org\springframework\spring-jdbc\6.2.9\spring-jdbc-6.2.9.jar;C:\Users\kana\.m2\repository\org\springframework\data\spring-data-jdbc\3.5.2\spring-data-jdbc-3.5.2.jar;C:\Users\kana\.m2\repository\org\springframework\data\spring-data-relational\3.5.2\spring-data-relational-3.5.2.jar;C:\Users\kana\.m2\repository\org\springframework\data\spring-data-commons\3.5.2\spring-data-commons-3.5.2.jar;C:\Users\kana\.m2\repository\org\springframework\spring-tx\6.2.9\spring-tx-6.2.9.jar;C:\Users\kana\.m2\repository\org\springframework\spring-context\6.2.9\spring-context-6.2.9.jar;C:\Users\kana\.m2\repository\org\springframework\spring-beans\6.2.9\spring-beans-6.2.9.jar;C:\Users\kana\.m2\repository\org\slf4j\slf4j-api\2.0.17\slf4j-api-2.0.17.jar;C:\Users\kana\.m2\repository\org\springframework\boot\spring-boot-starter-data-jpa\3.5.4\spring-boot-starter-data-jpa-3.5.4.jar;C:\Users\kana\.m2\repository\org\springframework\boot\spring-boot-starter\3.5.4\spring-boot-starter-3.5.4.jar;C:\Users\kana\.m2\repository\org\springframework\boot\spring-boot-starter-logging\3.5.4\spring-boot-starter-logging-3.5.4.jar;C:\Users\kana\.m2\repository\ch\qos\logback\logback-classic\1.5.18\logback-classic-1.5.18.jar;C:\Users\kana\.m2\repository\ch\qos\logback\logback-core\1.5.18\logback-core-1.5.18.jar;C:\Users\kana\.m2\repository\org\apache\logging\log4j\log4j-to-slf4j\2.24.3\log4j-to-slf4j-2.24.3.jar;C:\Users\kana\.m2\repository\org\apache\logging\log4j\log4j-api\2.24.3\log4j-api-2.24.3.jar;C:\Users\kana\.m2\repository\org\slf4j\jul-to-slf4j\2.0.17\jul-to-slf4j-2.0.17.jar;C:\Users\kana\.m2\repository\jakarta\annotation\jakarta.annotation-api\2.1.1\jakarta.annotation-api-2.1.1.jar;C:\Users\kana\.m2\repository\org\yaml\snakeyaml\2.4\snakeyaml-2.4.jar;C:\Users\kana\.m2\repository\org\hibernate\orm\hibernate-core\6.6.22.Final\hibernate-core-6.6.22.Final.jar;C:\Users\kana\.m2\repository\jakarta\persistence\jakarta.persistence-api\3.1.0\jakarta.persistence-api-3.1.0.jar;C:\Users\kana\.m2\repository\jakarta\transaction\jakarta.transaction-api\2.0.1\jakarta.transaction-api-2.0.1.jar;C:\Users\kana\.m2\repository\org\jboss\logging\jboss-logging\3.6.1.Final\jboss-logging-3.6.1.Final.jar;C:\Users\kana\.m2\repository\org\hibernate\common\hibernate-commons-annotations\7.0.3.Final\hibernate-commons-annotations-7.0.3.Final.jar;C:\Users\kana\.m2\repository\io\smallrye\jandex\3.2.0\jandex-3.2.0.jar;C:\Users\kana\.m2\repository\com\fasterxml\classmate\1.7.0\classmate-1.7.0.jar;C:\Users\kana\.m2\repository\net\bytebuddy\byte-buddy\1.17.6\byte-buddy-1.17.6.jar;C:\Users\kana\.m2\repository\org\glassfish\jaxb\jaxb-runtime\4.0.5\jaxb-runtime-4.0.5.jar;C:\Users\kana\.m2\repository\org\glassfish\jaxb\jaxb-core\4.0.5\jaxb-core-4.0.5.jar;C:\Users\kana\.m2\repository\org\eclipse\angus\angus-activation\2.0.2\angus-activation-2.0.2.jar;C:\Users\kana\.m2\repository\org\glassfish\jaxb\txw2\4.0.5\txw2-4.0.5.jar;C:\Users\kana\.m2\repository\com\sun\istack\istack-commons-runtime\4.1.2\istack-commons-runtime-4.1.2.jar;C:\Users\kana\.m2\repository\jakarta\inject\jakarta.inject-api\2.0.1\jakarta.inject-api-2.0.1.jar;C:\Users\kana\.m2\repository\org\antlr\antlr4-runtime\4.13.0\antlr4-runtime-4.13.0.jar;C:\Users\kana\.m2\repository\org\springframework\data\spring-data-jpa\3.5.2\spring-data-jpa-3.5.2.jar;C:\Users\kana\.m2\repository\org\springframework\spring-orm\6.2.9\spring-orm-6.2.9.jar;C:\Users\kana\.m2\repository\org\springframework\spring-aspects\6.2.9\spring-aspects-6.2.9.jar;C:\Users\kana\.m2\repository\org\aspectj\aspectjweaver\1.9.24\aspectjweaver-1.9.24.jar;C:\Users\kana\.m2\repository\org\springframework\boot\spring-boot-starter-thymeleaf\3.5.4\spring-boot-starter-thymeleaf-3.5.4.jar;C:\Users\kana\.m2\repository\org\thymeleaf\thymeleaf-spring6\3.1.3.RELEASE\thymeleaf-spring6-3.1.3.RELEASE.jar;C:\Users\kana\.m2\repository\org\thymeleaf\thymeleaf\3.1.3.RELEASE\thymeleaf-3.1.3.RELEASE.jar;C:\Users\kana\.m2\repository\org\attoparser\attoparser\2.0.7.RELEASE\attoparser-2.0.7.RELEASE.jar;C:\Users\kana\.m2\repository\org\unbescape\unbescape\1.1.6.RELEASE\unbescape-1.1.6.RELEASE.jar;C:\Users\kana\.m2\repository\org\springframework\boot\spring-boot-starter-validation\3.5.4\spring-boot-starter-validation-3.5.4.jar;C:\Users\kana\.m2\repository\org\apache\tomcat\embed\tomcat-embed-el\10.1.43\tomcat-embed-el-10.1.43.jar;C:\Users\kana\.m2\repository\org\hibernate\validator\hibernate-validator\8.0.2.Final\hibernate-validator-8.0.2.Final.jar;C:\Users\kana\.m2\repository\jakarta\validation\jakarta.validation-api\3.0.2\jakarta.validation-api-3.0.2.jar;C:\Users\kana\.m2\repository\org\springframework\boot\spring-boot-starter-web\3.5.4\spring-boot-starter-web-3.5.4.jar;C:\Users\kana\.m2\repository\org\springframework\boot\spring-boot-starter-json\3.5.4\spring-boot-starter-json-3.5.4.jar;C:\Users\kana\.m2\repository\com\fasterxml\jackson\core\jackson-databind\2.19.2\jackson-databind-2.19.2.jar;C:\Users\kana\.m2\repository\com\fasterxml\jackson\core\jackson-annotations\2.19.2\jackson-annotations-2.19.2.jar;C:\Users\kana\.m2\repository\com\fasterxml\jackson\core\jackson-core\2.19.2\jackson-core-2.19.2.jar;C:\Users\kana\.m2\repository\com\fasterxml\jackson\datatype\jackson-datatype-jdk8\2.19.2\jackson-datatype-jdk8-2.19.2.jar;C:\Users\kana\.m2\repository\com\fasterxml\jackson\datatype\jackson-datatype-jsr310\2.19.2\jackson-datatype-jsr310-2.19.2.jar;C:\Users\kana\.m2\repository\com\fasterxml\jackson\module\jackson-module-parameter-names\2.19.2\jackson-module-parameter-names-2.19.2.jar;C:\Users\kana\.m2\repository\org\springframework\boot\spring-boot-starter-tomcat\3.5.4\spring-boot-starter-tomcat-3.5.4.jar;C:\Users\kana\.m2\repository\org\apache\tomcat\embed\tomcat-embed-core\10.1.43\tomcat-embed-core-10.1.43.jar;C:\Users\kana\.m2\repository\org\apache\tomcat\embed\tomcat-embed-websocket\10.1.43\tomcat-embed-websocket-10.1.43.jar;C:\Users\kana\.m2\repository\org\springframework\spring-web\6.2.9\spring-web-6.2.9.jar;C:\Users\kana\.m2\repository\io\micrometer\micrometer-observation\1.15.2\micrometer-observation-1.15.2.jar;C:\Users\kana\.m2\repository\io\micrometer\micrometer-commons\1.15.2\micrometer-commons-1.15.2.jar;C:\Users\kana\.m2\repository\org\springframework\spring-webmvc\6.2.9\spring-webmvc-6.2.9.jar;C:\Users\kana\.m2\repository\org\springframework\spring-expression\6.2.9\spring-expression-6.2.9.jar;C:\Users\kana\.m2\repository\org\springframework\boot\spring-boot-devtools\3.5.4\spring-boot-devtools-3.5.4.jar;C:\Users\kana\.m2\repository\org\springframework\boot\spring-boot\3.5.4\spring-boot-3.5.4.jar;C:\Users\kana\.m2\repository\org\springframework\boot\spring-boot-autoconfigure\3.5.4\spring-boot-autoconfigure-3.5.4.jar;C:\Users\kana\.m2\repository\com\mysql\mysql-connector-j\9.3.0\mysql-connector-j-9.3.0.jar;C:\Users\kana\.m2\repository\org\projectlombok\lombok\1.18.38\lombok-1.18.38.jar;C:\Users\kana\.m2\repository\jakarta\xml\bind\jakarta.xml.bind-api\4.0.2\jakarta.xml.bind-api-4.0.2.jar;C:\Users\kana\.m2\repository\jakarta\activation\jakarta.activation-api\2.1.3\jakarta.activation-api-2.1.3.jar;C:\Users\kana\.m2\repository\org\springframework\spring-core\6.2.9\spring-core-6.2.9.jar;C:\Users\kana\.m2\repository\org\springframework\spring-jcl\6.2.9\spring-jcl-6.2.9.jar;C:\Users\kana\.m2\repository\org\springframework\boot\spring-boot-starter-security\3.5.4\spring-boot-starter-security-3.5.4.jar;C:\Users\kana\.m2\repository\org\springframework\spring-aop\6.2.9\spring-aop-6.2.9.jar;C:\Users\kana\.m2\repository\org\springframework\security\spring-security-config\6.5.2\spring-security-config-6.5.2.jar;C:\Users\kana\.m2\repository\org\springframework\security\spring-security-core\6.5.2\spring-security-core-6.5.2.jar;C:\Users\kana\.m2\repository\org\springframework\security\spring-security-crypto\6.5.2\spring-security-crypto-6.5.2.jar;C:\Users\kana\.m2\repository\org\springframework\security\spring-security-web\6.5.2\spring-security-web-6.5.2.jar
Launcher Type: SUN_STANDARD

[Global flags]
     intx CICompilerCount                          = 4                                         {product} {ergonomic}
     uint ConcGCThreads                            = 2                                         {product} {ergonomic}
     uint G1ConcRefinementThreads                  = 8                                         {product} {ergonomic}
   size_t G1HeapRegionSize                         = 2097152                                   {product} {ergonomic}
    uintx GCDrainStackTargetSize                   = 64                                        {product} {ergonomic}
   size_t InitialHeapSize                          = 199229440                                 {product} {ergonomic}
     bool ManagementServer                         = true                                      {product} {command line}
   size_t MarkStackSize                            = 4194304                                   {product} {ergonomic}
   size_t MaxHeapSize                              = 3179282432                                {product} {ergonomic}
   size_t MaxNewSize                               = 1906311168                                {product} {ergonomic}
   size_t MinHeapDeltaBytes                        = 2097152                                   {product} {ergonomic}
   size_t MinHeapSize                              = 8388608                                   {product} {ergonomic}
    uintx NonNMethodCodeHeapSize                   = 4096                                   {pd product} {ergonomic}
    uintx NonProfiledCodeHeapSize                  = 0                                      {pd product} {ergonomic}
     bool ProfileInterpreter                       = false                                  {pd product} {command line}
    uintx ProfiledCodeHeapSize                     = 0                                      {pd product} {ergonomic}
     bool ShowCodeDetailsInExceptionMessages       = true                                   {manageable} {command line}
   size_t SoftMaxHeapSize                          = 3179282432                             {manageable} {ergonomic}
     intx TieredStopAtLevel                        = 1                                         {product} {command line}
     bool UseCompressedOops                        = true                           {product lp64_product} {ergonomic}
     bool UseG1GC                                  = true                                      {product} {ergonomic}
     bool UseLargePagesIndividualAllocation        = false                                  {pd product} {ergonomic}

Logging:
Log output configuration:
 #0: stdout all=warning uptime,level,tags foldmultilines=false
 #1: stderr all=off uptime,level,tags foldmultilines=false

Environment Variables:
PATH=C:/pleiades/2025-03/java/21/bin/server;C:/pleiades/2025-03/java/21/bin;C:\Program Files (x86)\Common Files\Oracle\Java\java8path;C:\Program Files (x86)\Common Files\Oracle\Java\javapath;C:\Program Files\Python38\Scripts\;C:\Program Files\Python38\;C:\Program Files (x86)\Intel\iCLS Client\;C:\Program Files\Intel\iCLS Client\;C:\WINDOWS\system32;C:\WINDOWS;C:\WINDOWS\System32\Wbem;C:\WINDOWS\System32\WindowsPowerShell\v1.0\;C:\Program Files (x86)\Intel\Intel(R) Management Engine Components\DAL;C:\Program Files\Intel\Intel(R) Management Engine Components\DAL;C:\Program Files (x86)\Intel\Intel(R) Management Engine Components\IPT;C:\Program Files\Intel\Intel(R) Management Engine Components\IPT;C:\Program Files\Intel\WiFi\bin\;C:\Program Files\Common Files\Intel\WirelessCommon\;C:\WINDOWS\System32\OpenSSH\;C:\Program Files\Git\cmd;C:\Users\kana\scoop\shims;C:\Users\kana\AppData\Local\Microsoft\WindowsApps;C:\Users\kana\AppData\Local\Microsoft\WindowsApps;C:\Users\kana\AppData\Local\Programs\Microsoft VS Code\bin;C:\Program Files\heroku\bin;C:\pleiades\2025-03\eclipse;
USERNAME=kana
OS=Windows_NT
PROCESSOR_IDENTIFIER=Intel64 Family 6 Model 142 Stepping 10, GenuineIntel
TMP=C:\Users\kana\AppData\Local\Temp
TEMP=C:\Users\kana\AppData\Local\Temp




Periodic native trim disabled

---------------  S Y S T E M  ---------------

OS:
 Windows 11 , 64 bit Build 26100 (10.0.26100.4768)
OS uptime: 2 days 15:18 hours
Hyper-V role detected

CPU: total 8 (initial active 8) (4 cores per cpu, 2 threads per core) family 6 model 142 stepping 10 microcode 0xe0, cx8, cmov, fxsr, ht, mmx, 3dnowpref, sse, sse2, sse3, ssse3, sse4.1, sse4.2, popcnt, lzcnt, tsc, tscinvbit, avx, avx2, aes, erms, clmul, bmi1, bmi2, adx, fma, vzeroupper, clflush, clflushopt, hv, rdtscp, f16c
Processor Information for the first 8 processors :
  Max Mhz: 1800, Current Mhz: 1600, Mhz Limit: 1584

Memory: 4k page, system-wide physical 12121M (1352M free)
TotalPageFile size 24242M (AvailPageFile size 4697M)
current process WorkingSet (physical memory assigned to process): 97M, peak: 267M
current process commit charge ("private bytes"): 310M, peak: 321M

vm_info: OpenJDK 64-Bit Server VM (21.0.6+7-LTS) for windows-amd64 JRE (21.0.6+7-LTS), built on 2025-01-21T00:00:00Z by "admin" with MS VC++ 17.7 (VS2022)

END.
